#
# A fatal error has been detected by the Java Runtime Environment:
#
#  SIGSEGV (0xb) at pc=0x00007f000d05b6fa, pid=6891, tid=139637927450368
#
# JRE version: OpenJDK Runtime Environment (7.0_79-b14) (build 1.7.0_79-b14)
# Java VM: OpenJDK 64-Bit Server VM (24.79-b02 mixed mode linux-amd64 compressed oops)
# Derivative: IcedTea 2.5.5
# Distribution: Ubuntu 14.04 LTS, package 7u79-2.5.5-0ubuntu0.14.04.2
# Problematic frame:
# v  ~BufferBlob::jni_fast_GetLongField
#
# Failed to write core dump. Core dumps have been disabled. To enable core dumping, try "ulimit -c unlimited" before starting Java again
#
# If you would like to submit a bug report, please include
# instructions on how to reproduce the bug and visit:
#   http://icedtea.classpath.org/bugzilla
# The crash happened outside the Java Virtual Machine in native code.
# See problematic frame for where to report the bug.
#

---------------  T H R E A D  ---------------

Current thread (0x00007f0010217800):  JavaThread "AWT-XAWT" daemon [_thread_in_native, id=6912, stack(0x00007efffd001000,0x00007efffd102000)]

siginfo:si_signo=SIGSEGV: si_errno=0, si_code=1 (SEGV_MAPERR), si_addr=0x0000000000000000

Registers:
RAX=0x00007f0016b1c080, RBX=0x00007f00102179d8, RCX=0x00007f0016f93320, RDX=0x0000000000000042
RSP=0x00007efffd1007f8, RBP=0x00007efffd100820, RSI=0x0000000000000000, RDI=0x00007f00102179d8
R8 =0x00000000faedeb89, R9 =0x0000000000000000, R10=0x0000000000000150, R11=0x00007f00165bb2c0
R12=0x00007effc000aa10, R13=0x0000000000000000, R14=0x00007f000683dd80, R15=0x00007f0010217800
RIP=0x00007f000d05b6fa, EFLAGS=0x0000000000010246, CSGSFS=0x0000000000000033, ERR=0x0000000000000004
  TRAPNO=0x000000000000000e

Top of Stack: (sp=0x00007efffd1007f8)
0x00007efffd1007f8:   00007f000660f6f4 0000000775e2f960
0x00007efffd100808:   00007effc000aa10 0000000775e2f960
0x00007efffd100818:   00007efffd100908 0000000000000000
0x00007efffd100828:   00007f000610dae8 0000000775e2f960
0x00007efffd100838:   00007efffd100860 0000000000000000
0x00007efffd100848:   00007f00061059a3 0000000775e2f960
0x00007efffd100858:   00007f000660420f 00007efffd1008d0
0x00007efffd100868:   00007f000d012d98 0000000000000000
0x00007efffd100878:   0000000000000000 00007efffd1008e0
0x00007efffd100888:   00007f000d006058 00007efffd100890
0x00007efffd100898:   0000000000000000 00007efffd100908
0x00007efffd1008a8:   0000000775e35ae8 0000000000000000
0x00007efffd1008b8:   0000000775e2f960 0000000000000000
0x00007efffd1008c8:   00007efffd1008f0 00007efffd100950
0x00007efffd1008d8:   00007f000d006350 00000007807550c8
0x00007efffd1008e8:   00007f000d00ecc0 0000000000000000
0x00007efffd1008f8:   00007efffd100950 00007effc8000db0
0x00007efffd100908:   00000007d76e7c60 00007efffd100910
0x00007efffd100918:   0000000775f3b18c 00007efffd100998
0x00007efffd100928:   0000000775f47fd0 0000000776be78f0
0x00007efffd100938:   0000000775f3b320 00007efffd1008f0
0x00007efffd100948:   00007efffd100990 00007efffd1009e0
0x00007efffd100958:   00007f000d006058 0000000000000000
0x00007efffd100968:   00000007d769e2b8 0000000000000000
0x00007efffd100978:   0000000000000000 0000000000000000
0x00007efffd100988:   00000007d76e7c60 0000000000000000
0x00007efffd100998:   00000007d74cacd8 00007efffd1009a0
0x00007efffd1009a8:   0000000775f3af85 00007efffd1009f0
0x00007efffd1009b8:   0000000775f47fd0 0000000000000000
0x00007efffd1009c8:   0000000775f3afa0 00007efffd100990
0x00007efffd1009d8:   00007efffd1009f0 00007efffd100a38
0x00007efffd1009e8:   00007f000d006706 00000007d74cacd8 

Instructions: (pc=0x00007f000d05b6fa)
0x00007f000d05b6da:   00 00 00 00 00 00 44 8b 15 7d b1 ae 09 4c 8b ce
0x00007f000d05b6ea:   41 f6 c2 01 0f 85 2e 00 00 00 4d 33 ca 4d 33 ca
0x00007f000d05b6fa:   4d 8b 09 4c 8b da 49 c1 eb 02 4b 8b 04 19 49 bb
0x00007f000d05b70a:   64 68 b4 16 00 7f 00 00 4c 33 d8 4c 33 d8 45 3b 

Register to memory mapping:

RAX=0x00007f0016b1c080: <offset 0xdbe080> in /usr/lib/jvm/java-7-openjdk-amd64/jre/lib/amd64/server/libjvm.so at 0x00007f0015d5e000
RBX=0x00007f00102179d8 is an unknown value
RCX=0x00007f0016f93320: <offset 0x219320> in /lib/x86_64-linux-gnu/libpthread.so.0 at 0x00007f0016d7a000
RDX=0x0000000000000042 is an unknown value
RSP=0x00007efffd1007f8 is pointing into the stack for thread: 0x00007f0010217800
RBP=0x00007efffd100820 is pointing into the stack for thread: 0x00007f0010217800
RSI=0x0000000000000000 is an unknown value
RDI=0x00007f00102179d8 is an unknown value
R8 =0x00000000faedeb89 is an unknown value
R9 =0x0000000000000000 is an unknown value
R10=0x0000000000000150 is an unknown value
R11=0x00007f00165bb2c0: <offset 0x85d2c0> in /usr/lib/jvm/java-7-openjdk-amd64/jre/lib/amd64/server/libjvm.so at 0x00007f0015d5e000
R12=0x00007effc000aa10 is an unknown value
R13=0x0000000000000000 is an unknown value
R14=0x00007f000683dd80: <offset 0x24ad80> in /usr/lib/jvm/java-7-openjdk-amd64/jre/lib/amd64/xawt/libmawt.so at 0x00007f00065f3000
R15=0x00007f0010217800 is a thread


Stack: [0x00007efffd001000,0x00007efffd102000],  sp=0x00007efffd1007f8,  free space=1021k
Native frames: (J=compiled Java code, j=interpreted, Vv=VM code, C=native code)
v  ~BufferBlob::jni_fast_GetLongField

Java frames: (J=compiled Java code, j=interpreted, Vv=VM code)
j  sun.awt.X11.XlibWrapper.XFilterEvent(JJ)Z+0
j  sun.awt.X11.XToolkit.run(Z)V+300
j  sun.awt.X11.XToolkit.run()V+5
j  java.lang.Thread.run()V+11
v  ~StubRoutines::call_stub

---------------  P R O C E S S  ---------------

Java Threads: ( => current thread )
  0x00007effc00c7000 JavaThread "TimerQueue" daemon [_thread_blocked, id=6936, stack(0x00007effa86e4000,0x00007effa87e5000)]
  0x00007effb0019800 JavaThread "J3D-InputDeviceScheduler-1" [_thread_blocked, id=6930, stack(0x00007effa8ae7000,0x00007effa8be8000)]
  0x00007effb0017800 JavaThread "J3D-SoundSchedulerUpdateThread-1" [_thread_blocked, id=6929, stack(0x00007effa8be8000,0x00007effa8ce9000)]
  0x00007effb0015800 JavaThread "J3D-RenderStructureUpdateThread-1" [_thread_blocked, id=6928, stack(0x00007effa8ce9000,0x00007effa8dea000)]
  0x00007effb0013800 JavaThread "J3D-BehaviorScheduler-1" [_thread_blocked, id=6927, stack(0x00007effa8dea000,0x00007effa8eeb000)]
  0x00007effb0011000 JavaThread "J3D-TransformStructureUpdateThread-1" [_thread_blocked, id=6926, stack(0x00007effa8eeb000,0x00007effa8fec000)]
  0x00007effb000f800 JavaThread "J3D-RenderingEnvironmentStructureUpdateThread-1" [_thread_blocked, id=6925, stack(0x00007effa8fec000,0x00007effa90ed000)]
  0x00007effb0007000 JavaThread "J3D-SoundStructureUpdateThread-1" [_thread_blocked, id=6924, stack(0x00007effa90ed000,0x00007effa91ee000)]
  0x00007effb0005800 JavaThread "J3D-GeometryStructureUpdateThread-1" [_thread_blocked, id=6923, stack(0x00007effa94b0000,0x00007effa95b1000)]
  0x00007effb0009000 JavaThread "J3D-BehaviorStructureUpdateThread-1" [_thread_blocked, id=6922, stack(0x00007effa95b1000,0x00007effa96b2000)]
  0x00007f0010008000 JavaThread "DestroyJavaVM" [_thread_blocked, id=6893, stack(0x00007f0017872000,0x00007f0017973000)]
  0x00007effb0003000 JavaThread "J3D-Renderer-1" [_thread_blocked, id=6919, stack(0x00007effe9d20000,0x00007effe9e21000)]
  0x00007f00102e3800 JavaThread "J3D-MasterControl-1" [_thread_blocked, id=6918, stack(0x00007effe9e48000,0x00007effe9f49000)]
  0x00007f00102dc800 JavaThread "J3D-NotificationThread" [_thread_blocked, id=6917, stack(0x00007effe9f49000,0x00007effea04a000)]
  0x00007f00102df000 JavaThread "J3D-TimerThread" [_thread_blocked, id=6916, stack(0x00007effea04a000,0x00007effea14b000)]
  0x00007f001032b000 JavaThread "J3D-RenderingAttributesStructureUpdateThread" [_thread_blocked, id=6915, stack(0x00007effea14b000,0x00007effea24c000)]
  0x00007f0010276800 JavaThread "AWT-EventQueue-0" [_thread_blocked, id=6914, stack(0x00007efffcdff000,0x00007efffcf00000)]
  0x00007f0010275800 JavaThread "AWT-Shutdown" [_thread_blocked, id=6913, stack(0x00007efffcf00000,0x00007efffd001000)]
=>0x00007f0010217800 JavaThread "AWT-XAWT" daemon [_thread_in_native, id=6912, stack(0x00007efffd001000,0x00007efffd102000)]
  0x00007f00101f3000 JavaThread "Java2D Disposer" daemon [_thread_blocked, id=6911, stack(0x00007efffd512000,0x00007efffd613000)]
  0x00007f00100ac800 JavaThread "Service Thread" daemon [_thread_blocked, id=6909, stack(0x00007f0006c11000,0x00007f0006d12000)]
  0x00007f00100aa000 JavaThread "C2 CompilerThread1" daemon [_thread_blocked, id=6908, stack(0x00007f0006d12000,0x00007f0006e13000)]
  0x00007f00100a7000 JavaThread "C2 CompilerThread0" daemon [_thread_blocked, id=6907, stack(0x00007f0006e13000,0x00007f0006f14000)]
  0x00007f00100a5000 JavaThread "Signal Dispatcher" daemon [_thread_blocked, id=6906, stack(0x00007f0006f14000,0x00007f0007015000)]
  0x00007f0010079800 JavaThread "Finalizer" daemon [_thread_blocked, id=6905, stack(0x00007f00076f7000,0x00007f00077f8000)]
  0x00007f0010077800 JavaThread "Reference Handler" daemon [_thread_blocked, id=6904, stack(0x00007f00077f8000,0x00007f00078f9000)]

Other Threads:
  0x00007f0010073800 VMThread [stack: 0x00007f00078f9000,0x00007f00079fa000] [id=6903]
  0x00007f00100b7000 WatcherThread [stack: 0x00007f0006b10000,0x00007f0006c11000] [id=6910]

VM state:not at safepoint (normal execution)

VM Mutex/Monitor currently owned by a thread: None

Heap
 PSYoungGen      total 37376K, used 24617K [0x00000007d5500000, 0x00000007d9e00000, 0x0000000800000000)
  eden space 32256K, 64% used [0x00000007d5500000,0x00000007d696b500,0x00000007d7480000)
  from space 5120K, 72% used [0x00000007d7480000,0x00000007d781ef70,0x00000007d7980000)
  to   space 5120K, 0% used [0x00000007d9900000,0x00000007d9900000,0x00000007d9e00000)
 ParOldGen       total 84480K, used 7516K [0x0000000780000000, 0x0000000785280000, 0x00000007d5500000)
  object space 84480K, 8% used [0x0000000780000000,0x0000000780757030,0x0000000785280000)
 PSPermGen       total 21504K, used 18724K [0x0000000775a00000, 0x0000000776f00000, 0x0000000780000000)
  object space 21504K, 87% used [0x0000000775a00000,0x0000000776c49228,0x0000000776f00000)

Card table byte_map: [0x00007f00147d9000,0x00007f0014c2d000] byte_map_base: 0x00007f0010c2c000

Polling page: 0x00007f001798e000

Code Cache  [0x00007f000d000000, 0x00007f000d270000, 0x00007f0010000000)
 total_blobs=912 nmethods=283 adapters=582 free_code_cache=47650Kb largest_free_block=48755264

Compilation events (10 events):
Event: 73.250 Thread 0x00007f00100aa000 nmethod 286 0x00007f000d170f50 code [0x00007f000d1710a0, 0x00007f000d171118]
Event: 73.251 Thread 0x00007f00100a7000 nmethod 251 0x00007f000d179b10 code [0x00007f000d179ee0, 0x00007f000d17dbd8]
Event: 73.258 Thread 0x00007f00100aa000  287   !         java.io.BufferedWriter::write (117 bytes)
Event: 73.261 Thread 0x00007f00100aa000 nmethod 287 0x00007f000d175d50 code [0x00007f000d175ec0, 0x00007f000d176508]
Event: 73.264 Thread 0x00007f00100a7000  288             Vertex::toScaledString (51 bytes)
Event: 73.274 Thread 0x00007f00100a7000 nmethod 288 0x00007f000d176dd0 code [0x00007f000d177020, 0x00007f000d177c80]
Event: 73.280 Thread 0x00007f00100aa000  289             java.io.PrintWriter::ensureOpen (18 bytes)
Event: 73.280 Thread 0x00007f00100a7000  290             Vertex::subtract (35 bytes)
Event: 73.280 Thread 0x00007f00100aa000 nmethod 289 0x00007f000d170cd0 code [0x00007f000d170e00, 0x00007f000d170e78]
Event: 73.281 Thread 0x00007f00100a7000 nmethod 290 0x00007f000d176a90 code [0x00007f000d176be0, 0x00007f000d176cf8]

GC Heap History (6 events):
Event: 16.460 GC heap before
{Heap before GC invocations=1 (full 0):
 PSYoungGen      total 37376K, used 32256K [0x00000007d5500000, 0x00000007d7e80000, 0x0000000800000000)
  eden space 32256K, 100% used [0x00000007d5500000,0x00000007d7480000,0x00000007d7480000)
  from space 5120K, 0% used [0x00000007d7980000,0x00000007d7980000,0x00000007d7e80000)
  to   space 5120K, 0% used [0x00000007d7480000,0x00000007d7480000,0x00000007d7980000)
 ParOldGen       total 84480K, used 0K [0x0000000780000000, 0x0000000785280000, 0x00000007d5500000)
  object space 84480K, 0% used [0x0000000780000000,0x0000000780000000,0x0000000785280000)
 PSPermGen       total 21504K, used 18066K [0x0000000775a00000, 0x0000000776f00000, 0x0000000780000000)
  object space 21504K, 84% used [0x0000000775a00000,0x0000000776ba48b8,0x0000000776f00000)
Event: 16.466 GC heap after
Heap after GC invocations=1 (full 0):
 PSYoungGen      total 37376K, used 3960K [0x00000007d5500000, 0x00000007d7e80000, 0x0000000800000000)
  eden space 32256K, 0% used [0x00000007d5500000,0x00000007d5500000,0x00000007d7480000)
  from space 5120K, 77% used [0x00000007d7480000,0x00000007d785e3c0,0x00000007d7980000)
  to   space 5120K, 0% used [0x00000007d7980000,0x00000007d7980000,0x00000007d7e80000)
 ParOldGen       total 84480K, used 7508K [0x0000000780000000, 0x0000000785280000, 0x00000007d5500000)
  object space 84480K, 8% used [0x0000000780000000,0x0000000780755030,0x0000000785280000)
 PSPermGen       total 21504K, used 18066K [0x0000000775a00000, 0x0000000776f00000, 0x0000000780000000)
  object space 21504K, 84% used [0x0000000775a00000,0x0000000776ba48b8,0x0000000776f00000)
}
Event: 73.195 GC heap before
{Heap before GC invocations=2 (full 0):
 PSYoungGen      total 37376K, used 36216K [0x00000007d5500000, 0x00000007d7e80000, 0x0000000800000000)
  eden space 32256K, 100% used [0x00000007d5500000,0x00000007d7480000,0x00000007d7480000)
  from space 5120K, 77% used [0x00000007d7480000,0x00000007d785e3c0,0x00000007d7980000)
  to   space 5120K, 0% used [0x00000007d7980000,0x00000007d7980000,0x00000007d7e80000)
 ParOldGen       total 84480K, used 7508K [0x0000000780000000, 0x0000000785280000, 0x00000007d5500000)
  object space 84480K, 8% used [0x0000000780000000,0x0000000780755030,0x0000000785280000)
 PSPermGen       total 21504K, used 18706K [0x0000000775a00000, 0x0000000776f00000, 0x0000000780000000)
  object space 21504K, 86% used [0x0000000775a00000,0x0000000776c44908,0x0000000776f00000)
Event: 73.200 GC heap after
Heap after GC invocations=2 (full 0):
 PSYoungGen      total 37376K, used 3741K [0x00000007d5500000, 0x00000007d7e80000, 0x0000000800000000)
  eden space 32256K, 0% used [0x00000007d5500000,0x00000007d5500000,0x00000007d7480000)
  from space 5120K, 73% used [0x00000007d7980000,0x00000007d7d277a0,0x00000007d7e80000)
  to   space 5120K, 0% used [0x00000007d7480000,0x00000007d7480000,0x00000007d7980000)
 ParOldGen       total 84480K, used 7516K [0x0000000780000000, 0x0000000785280000, 0x00000007d5500000)
  object space 84480K, 8% used [0x0000000780000000,0x0000000780757030,0x0000000785280000)
 PSPermGen       total 21504K, used 18706K [0x0000000775a00000, 0x0000000776f00000, 0x0000000780000000)
  object space 21504K, 86% used [0x0000000775a00000,0x0000000776c44908,0x0000000776f00000)
}
Event: 73.270 GC heap before
{Heap before GC invocations=3 (full 0):
 PSYoungGen      total 37376K, used 35997K [0x00000007d5500000, 0x00000007d7e80000, 0x0000000800000000)
  eden space 32256K, 100% used [0x00000007d5500000,0x00000007d7480000,0x00000007d7480000)
  from space 5120K, 73% used [0x00000007d7980000,0x00000007d7d277a0,0x00000007d7e80000)
  to   space 5120K, 0% used [0x00000007d7480000,0x00000007d7480000,0x00000007d7980000)
 ParOldGen       total 84480K, used 7516K [0x0000000780000000, 0x0000000785280000, 0x00000007d5500000)
  object space 84480K, 8% used [0x0000000780000000,0x0000000780757030,0x0000000785280000)
 PSPermGen       total 21504K, used 18713K [0x0000000775a00000, 0x0000000776f00000, 0x0000000780000000)
  object space 21504K, 87% used [0x0000000775a00000,0x0000000776c46760,0x0000000776f00000)
Event: 73.273 GC heap after
Heap after GC invocations=3 (full 0):
 PSYoungGen      total 37376K, used 3707K [0x00000007d5500000, 0x00000007d9e00000, 0x0000000800000000)
  eden space 32256K, 0% used [0x00000007d5500000,0x00000007d5500000,0x00000007d7480000)
  from space 5120K, 72% used [0x00000007d7480000,0x00000007d781ef70,0x00000007d7980000)
  to   space 5120K, 0% used [0x00000007d9900000,0x00000007d9900000,0x00000007d9e00000)
 ParOldGen       total 84480K, used 7516K [0x0000000780000000, 0x0000000785280000, 0x00000007d5500000)
  object space 84480K, 8% used [0x0000000780000000,0x0000000780757030,0x0000000785280000)
 PSPermGen       total 21504K, used 18713K [0x0000000775a00000, 0x0000000776f00000, 0x0000000780000000)
  object space 21504K, 87% used [0x0000000775a00000,0x0000000776c46760,0x0000000776f00000)
}

Deoptimization events (10 events):
Event: 50.810 Thread 0x00007effb0009000 Uncommon trap: reason=array_check action=maybe_recompile pc=0x00007f000d0f64d8 method=java.util.Arrays.fill([Ljava/lang/Object;IILjava/lang/Object;)V @ 20
Event: 50.811 Thread 0x00007effb0009000 Uncommon trap: reason=array_check action=maybe_recompile pc=0x00007f000d0f64d8 method=java.util.Arrays.fill([Ljava/lang/Object;IILjava/lang/Object;)V @ 20
Event: 50.811 Thread 0x00007effb0013800 Uncommon trap: reason=array_check action=maybe_recompile pc=0x00007f000d0f64d8 method=java.util.Arrays.fill([Ljava/lang/Object;IILjava/lang/Object;)V @ 20
Event: 50.827 Thread 0x00007effb0013800 Uncommon trap: reason=array_check action=maybe_recompile pc=0x00007f000d0f64d8 method=java.util.Arrays.fill([Ljava/lang/Object;IILjava/lang/Object;)V @ 20
Event: 57.740 Thread 0x00007effb0011000 Uncommon trap: reason=predicate action=maybe_recompile pc=0x00007f000d114988 method=java.util.Arrays.fill([Ljava/lang/Object;Ljava/lang/Object;)V @ 10
Event: 61.425 Thread 0x00007f0010276800 Uncommon trap: reason=class_check action=maybe_recompile pc=0x00007f000d0c5e5c method=java.util.HashMap.addEntry(ILjava/lang/Object;Ljava/lang/Object;I)V @ 65
Event: 61.430 Thread 0x00007f0010276800 Uncommon trap: reason=class_check action=maybe_recompile pc=0x00007f000d0c5e5c method=java.util.HashMap.addEntry(ILjava/lang/Object;Ljava/lang/Object;I)V @ 65
Event: 61.430 Thread 0x00007f0010276800 Uncommon trap: reason=class_check action=maybe_recompile pc=0x00007f000d0c5e5c method=java.util.HashMap.addEntry(ILjava/lang/Object;Ljava/lang/Object;I)V @ 65
Event: 61.430 Thread 0x00007f0010276800 Uncommon trap: reason=class_check action=maybe_recompile pc=0x00007f000d0c5e5c method=java.util.HashMap.addEntry(ILjava/lang/Object;Ljava/lang/Object;I)V @ 65
Event: 64.367 Thread 0x00007f0010276800 Uncommon trap: reason=null_assert action=make_not_entrant pc=0x00007f000d0e21b4 method=java.awt.Toolkit$SelectiveAWTEventListener.eventDispatched(Ljava/awt/AWTEvent;)V @ 679

Internal exceptions (10 events):
Event: 16.531 Thread 0x00007effb0005800 Threw 0x00000007d5c14c00 at /build/buildd/openjdk-7-7u79-2.5.5/build/openjdk/hotspot/src/share/vm/prims/jvm.cpp:1284
Event: 16.534 Thread 0x00007effb0015800 Threw 0x00000007d5c67238 at /build/buildd/openjdk-7-7u79-2.5.5/build/openjdk/hotspot/src/share/vm/prims/jvm.cpp:1284
Event: 16.535 Thread 0x00007effb0015800 Threw 0x00000007d5c6a278 at /build/buildd/openjdk-7-7u79-2.5.5/build/openjdk/hotspot/src/share/vm/prims/jvm.cpp:1284
Event: 16.535 Thread 0x00007effb0015800 Threw 0x00000007d5c6f348 at /build/buildd/openjdk-7-7u79-2.5.5/build/openjdk/hotspot/src/share/vm/prims/jvm.cpp:1284
Event: 16.536 Thread 0x00007effb0015800 Threw 0x00000007d5c74890 at /build/buildd/openjdk-7-7u79-2.5.5/build/openjdk/hotspot/src/share/vm/prims/jvm.cpp:1284
Event: 16.536 Thread 0x00007effb0015800 Threw 0x00000007d5c79878 at /build/buildd/openjdk-7-7u79-2.5.5/build/openjdk/hotspot/src/share/vm/prims/jvm.cpp:1284
Event: 16.536 Thread 0x00007effb0015800 Threw 0x00000007d5c7e7a0 at /build/buildd/openjdk-7-7u79-2.5.5/build/openjdk/hotspot/src/share/vm/prims/jvm.cpp:1284
Event: 16.540 Thread 0x00007effb0015800 Threw 0x00000007d5c843d0 at /build/buildd/openjdk-7-7u79-2.5.5/build/openjdk/hotspot/src/share/vm/prims/jvm.cpp:1284
Event: 47.639 Thread 0x00007f0010276800 Threw 0x00000007d60c9750 at /build/buildd/openjdk-7-7u79-2.5.5/build/openjdk/hotspot/src/share/vm/prims/jvm.cpp:1284
Event: 61.507 Thread 0x00007f0010276800 Threw 0x00000007d6c38790 at /build/buildd/openjdk-7-7u79-2.5.5/build/openjdk/hotspot/src/share/vm/prims/jni.cpp:747

Events (10 events):
Event: 73.201 Executing VM operation: BulkRevokeBias
Event: 73.201 Executing VM operation: BulkRevokeBias done
Event: 73.270 Executing VM operation: ParallelGCFailedAllocation
Event: 73.273 Executing VM operation: ParallelGCFailedAllocation done
Event: 76.037 Executing VM operation: BulkRevokeBias
Event: 76.037 Executing VM operation: BulkRevokeBias done
Event: 885.409 loading class 0x00007effd4006460
Event: 885.409 loading class 0x00007effd4006460 done
Event: 885.448 loading class 0x00007effd40336a0
Event: 885.448 loading class 0x00007effd40336a0 done


Dynamic libraries:
00400000-00401000 r-xp 00000000 08:16 5391925                            /usr/lib/jvm/java-7-openjdk-amd64/jre/bin/java
00600000-00601000 r--p 00000000 08:16 5391925                            /usr/lib/jvm/java-7-openjdk-amd64/jre/bin/java
00601000-00602000 rw-p 00001000 08:16 5391925                            /usr/lib/jvm/java-7-openjdk-amd64/jre/bin/java
01578000-01599000 rw-p 00000000 00:00 0                                  [heap]
775a00000-776f00000 rw-p 00000000 00:00 0 
776f00000-780000000 rw-p 00000000 00:00 0 
780000000-785280000 rw-p 00000000 00:00 0 
785280000-7d5500000 rw-p 00000000 00:00 0 
7d5500000-7d9e00000 rw-p 00000000 00:00 0 
7d9e00000-800000000 rw-p 00000000 00:00 0 
7eff80000000-7eff80094000 rw-p 00000000 00:00 0 
7eff80094000-7eff84000000 ---p 00000000 00:00 0 
7eff84000000-7eff84021000 rw-p 00000000 00:00 0 
7eff84021000-7eff88000000 ---p 00000000 00:00 0 
7eff88000000-7eff88021000 rw-p 00000000 00:00 0 
7eff88021000-7eff8c000000 ---p 00000000 00:00 0 
7eff8c000000-7eff8c0ac000 rw-p 00000000 00:00 0 
7eff8c0ac000-7eff90000000 ---p 00000000 00:00 0 
7eff90000000-7eff90021000 rw-p 00000000 00:00 0 
7eff90021000-7eff94000000 ---p 00000000 00:00 0 
7eff94000000-7eff94021000 rw-p 00000000 00:00 0 
7eff94021000-7eff98000000 ---p 00000000 00:00 0 
7eff98000000-7eff98037000 rw-p 00000000 00:00 0 
7eff98037000-7eff9c000000 ---p 00000000 00:00 0 
7eff9c000000-7eff9c021000 rw-p 00000000 00:00 0 
7eff9c021000-7effa0000000 ---p 00000000 00:00 0 
7effa0000000-7effa0021000 rw-p 00000000 00:00 0 
7effa0021000-7effa4000000 ---p 00000000 00:00 0 
7effa4000000-7effa41f0000 rw-p 00000000 00:00 0 
7effa41f0000-7effa8000000 ---p 00000000 00:00 0 
7effa85e4000-7effa86e4000 rw-s 1027b8000 00:05 10060                     /dev/dri/card0
7effa86e4000-7effa86e7000 ---p 00000000 00:00 0 
7effa86e7000-7effa87e5000 rw-p 00000000 00:00 0                          [stack:6936]
7effa87e5000-7effa87e8000 ---p 00000000 00:00 0 
7effa87e8000-7effa88e6000 rw-p 00000000 00:00 0 
7effa88e6000-7effa88e9000 ---p 00000000 00:00 0 
7effa88e9000-7effa89e7000 rw-p 00000000 00:00 0 
7effa89e7000-7effa8ae7000 rw-s 11fd0b000 00:05 10060                     /dev/dri/card0
7effa8ae7000-7effa8aea000 ---p 00000000 00:00 0 
7effa8aea000-7effa8be8000 rw-p 00000000 00:00 0                          [stack:6930]
7effa8be8000-7effa8beb000 ---p 00000000 00:00 0 
7effa8beb000-7effa8ce9000 rw-p 00000000 00:00 0                          [stack:6929]
7effa8ce9000-7effa8cec000 ---p 00000000 00:00 0 
7effa8cec000-7effa8dea000 rw-p 00000000 00:00 0                          [stack:6928]
7effa8dea000-7effa8ded000 ---p 00000000 00:00 0 
7effa8ded000-7effa8eeb000 rw-p 00000000 00:00 0                          [stack:6927]
7effa8eeb000-7effa8eee000 ---p 00000000 00:00 0 
7effa8eee000-7effa8fec000 rw-p 00000000 00:00 0                          [stack:6926]
7effa8fec000-7effa8fef000 ---p 00000000 00:00 0 
7effa8fef000-7effa90ed000 rw-p 00000000 00:00 0                          [stack:6925]
7effa90ed000-7effa90f0000 ---p 00000000 00:00 0 
7effa90f0000-7effa91ee000 rw-p 00000000 00:00 0                          [stack:6924]
7effa91ee000-7effa945f000 rw-s 00000000 00:04 13533259                   /SYSV00000000 (deleted)
7effa94b0000-7effa94b3000 ---p 00000000 00:00 0 
7effa94b3000-7effa95b1000 rw-p 00000000 00:00 0                          [stack:6923]
7effa95b1000-7effa95b4000 ---p 00000000 00:00 0 
7effa95b4000-7effa96b2000 rw-p 00000000 00:00 0                          [stack:6922]
7effa96b2000-7effa96e9000 r-xp 00000000 08:16 5383129                    /usr/lib/x86_64-linux-gnu/libtxc_dxtn_s2tc.so.0.0.0
7effa96e9000-7effa98e8000 ---p 00037000 08:16 5383129                    /usr/lib/x86_64-linux-gnu/libtxc_dxtn_s2tc.so.0.0.0
7effa98e8000-7effa98e9000 r--p 00036000 08:16 5383129                    /usr/lib/x86_64-linux-gnu/libtxc_dxtn_s2tc.so.0.0.0
7effa98e9000-7effa98ea000 rw-p 00037000 08:16 5383129                    /usr/lib/x86_64-linux-gnu/libtxc_dxtn_s2tc.so.0.0.0
7effa98ea000-7effa98eb000 ---p 00000000 00:00 0 
7effa98eb000-7effaa0eb000 rw-p 00000000 00:00 0                          [stack:6920]
7effaa0eb000-7effaa110000 r-xp 00000000 08:16 921728                     /lib/x86_64-linux-gnu/libtinfo.so.5.9
7effaa110000-7effaa30f000 ---p 00025000 08:16 921728                     /lib/x86_64-linux-gnu/libtinfo.so.5.9
7effaa30f000-7effaa313000 r--p 00024000 08:16 921728                     /lib/x86_64-linux-gnu/libtinfo.so.5.9
7effaa313000-7effaa314000 rw-p 00028000 08:16 921728                     /lib/x86_64-linux-gnu/libtinfo.so.5.9
7effaa314000-7effabe1c000 r-xp 00000000 08:16 5382054                    /usr/lib/x86_64-linux-gnu/libLLVM-3.5.so.1
7effabe1c000-7effabe1d000 ---p 01b08000 08:16 5382054                    /usr/lib/x86_64-linux-gnu/libLLVM-3.5.so.1
7effabe1d000-7effabfe5000 r--p 01b08000 08:16 5382054                    /usr/lib/x86_64-linux-gnu/libLLVM-3.5.so.1
7effabfe5000-7effabfeb000 rw-p 01cd0000 08:16 5382054                    /usr/lib/x86_64-linux-gnu/libLLVM-3.5.so.1
7effabfeb000-7effac000000 rw-p 00000000 00:00 0 
7effac000000-7effac021000 rw-p 00000000 00:00 0 
7effac021000-7effb0000000 ---p 00000000 00:00 0 
7effb0000000-7effb01da000 rw-p 00000000 00:00 0 
7effb01da000-7effb4000000 ---p 00000000 00:00 0 
7effb4000000-7effb4021000 rw-p 00000000 00:00 0 
7effb4021000-7effb8000000 ---p 00000000 00:00 0 
7effb8000000-7effb8021000 rw-p 00000000 00:00 0 
7effb8021000-7effbc000000 ---p 00000000 00:00 0 
7effbc000000-7effbc021000 rw-p 00000000 00:00 0 
7effbc021000-7effc0000000 ---p 00000000 00:00 0 
7effc0000000-7effc0360000 rw-p 00000000 00:00 0 
7effc0360000-7effc4000000 ---p 00000000 00:00 0 
7effc4000000-7effc4021000 rw-p 00000000 00:00 0 
7effc4021000-7effc8000000 ---p 00000000 00:00 0 
7effc8000000-7effc8021000 rw-p 00000000 00:00 0 
7effc8021000-7effcc000000 ---p 00000000 00:00 0 
7effcc000000-7effcc021000 rw-p 00000000 00:00 0 
7effcc021000-7effd0000000 ---p 00000000 00:00 0 
7effd0000000-7effd0021000 rw-p 00000000 00:00 0 
7effd0021000-7effd4000000 ---p 00000000 00:00 0 
7effd4000000-7effd7dd5000 rw-p 00000000 00:00 0 
7effd7dd5000-7effd8000000 ---p 00000000 00:00 0 
7effd8000000-7effd89ac000 rw-p 00000000 00:00 0 
7effd89ac000-7effdc000000 ---p 00000000 00:00 0 
7effdc000000-7effdc021000 rw-p 00000000 00:00 0 
7effdc021000-7effe0000000 ---p 00000000 00:00 0 
7effe0000000-7effe0021000 rw-p 00000000 00:00 0 
7effe0021000-7effe4000000 ---p 00000000 00:00 0 
7effe4000000-7effe4021000 rw-p 00000000 00:00 0 
7effe4021000-7effe8000000 ---p 00000000 00:00 0 
7effe80ec000-7effe8115000 r-xp 00000000 08:16 5382435                    /usr/lib/x86_64-linux-gnu/libedit.so.2.0.47
7effe8115000-7effe8315000 ---p 00029000 08:16 5382435                    /usr/lib/x86_64-linux-gnu/libedit.so.2.0.47
7effe8315000-7effe8317000 r--p 00029000 08:16 5382435                    /usr/lib/x86_64-linux-gnu/libedit.so.2.0.47
7effe8317000-7effe8318000 rw-p 0002b000 08:16 5382435                    /usr/lib/x86_64-linux-gnu/libedit.so.2.0.47
7effe8318000-7effe831c000 rw-p 00000000 00:00 0 
7effe831c000-7effe8328000 r-xp 00000000 08:16 5376144                    /usr/lib/x86_64-linux-gnu/libdrm_radeon.so.1.0.1
7effe8328000-7effe8527000 ---p 0000c000 08:16 5376144                    /usr/lib/x86_64-linux-gnu/libdrm_radeon.so.1.0.1
7effe8527000-7effe8528000 r--p 0000b000 08:16 5376144                    /usr/lib/x86_64-linux-gnu/libdrm_radeon.so.1.0.1
7effe8528000-7effe8529000 rw-p 0000c000 08:16 5376144                    /usr/lib/x86_64-linux-gnu/libdrm_radeon.so.1.0.1
7effe8529000-7effe853e000 r-xp 00000000 08:16 5382436                    /usr/lib/x86_64-linux-gnu/libelf-0.158.so
7effe853e000-7effe873d000 ---p 00015000 08:16 5382436                    /usr/lib/x86_64-linux-gnu/libelf-0.158.so
7effe873d000-7effe873e000 r--p 00014000 08:16 5382436                    /usr/lib/x86_64-linux-gnu/libelf-0.158.so
7effe873e000-7effe873f000 rw-p 00015000 08:16 5382436                    /usr/lib/x86_64-linux-gnu/libelf-0.158.so
7effe873f000-7effe8745000 r-xp 00000000 08:16 5376142                    /usr/lib/x86_64-linux-gnu/libdrm_nouveau.so.2.0.0
7effe8745000-7effe8944000 ---p 00006000 08:16 5376142                    /usr/lib/x86_64-linux-gnu/libdrm_nouveau.so.2.0.0
7effe8944000-7effe8945000 r--p 00005000 08:16 5376142                    /usr/lib/x86_64-linux-gnu/libdrm_nouveau.so.2.0.0
7effe8945000-7effe8946000 rw-p 00006000 08:16 5376142                    /usr/lib/x86_64-linux-gnu/libdrm_nouveau.so.2.0.0
7effe8946000-7effe908c000 r-xp 00000000 08:16 27479                      /usr/lib/x86_64-linux-gnu/dri/r600_dri.so
7effe908c000-7effe928b000 ---p 00746000 08:16 27479                      /usr/lib/x86_64-linux-gnu/dri/r600_dri.so
7effe928b000-7effe92de000 r--p 00745000 08:16 27479                      /usr/lib/x86_64-linux-gnu/dri/r600_dri.so
7effe92de000-7effe92ea000 rw-p 00798000 08:16 27479                      /usr/lib/x86_64-linux-gnu/dri/r600_dri.so
7effe92ea000-7effe94d2000 rw-p 00000000 00:00 0 
7effe94d2000-7effe94da000 r-xp 00000000 08:16 921644                     /lib/x86_64-linux-gnu/libnih-dbus.so.1.0.0
7effe94da000-7effe96da000 ---p 00008000 08:16 921644                     /lib/x86_64-linux-gnu/libnih-dbus.so.1.0.0
7effe96da000-7effe96db000 r--p 00008000 08:16 921644                     /lib/x86_64-linux-gnu/libnih-dbus.so.1.0.0
7effe96db000-7effe96dc000 rw-p 00009000 08:16 921644                     /lib/x86_64-linux-gnu/libnih-dbus.so.1.0.0
7effe96dc000-7effe96f3000 r-xp 00000000 08:16 921646                     /lib/x86_64-linux-gnu/libnih.so.1.0.0
7effe96f3000-7effe98f2000 ---p 00017000 08:16 921646                     /lib/x86_64-linux-gnu/libnih.so.1.0.0
7effe98f2000-7effe98f3000 r--p 00016000 08:16 921646                     /lib/x86_64-linux-gnu/libnih.so.1.0.0
7effe98f3000-7effe98f4000 rw-p 00017000 08:16 921646                     /lib/x86_64-linux-gnu/libnih.so.1.0.0
7effe98f4000-7effe990d000 r-xp 00000000 08:16 921587                     /lib/x86_64-linux-gnu/libcgmanager.so.0.0.0
7effe990d000-7effe9b0c000 ---p 00019000 08:16 921587                     /lib/x86_64-linux-gnu/libcgmanager.so.0.0.0
7effe9b0c000-7effe9b0e000 r--p 00018000 08:16 921587                     /lib/x86_64-linux-gnu/libcgmanager.so.0.0.0
7effe9b0e000-7effe9b0f000 rw-p 0001a000 08:16 921587                     /lib/x86_64-linux-gnu/libcgmanager.so.0.0.0
7effe9b0f000-7effe9b1f000 r-xp 00000000 08:16 921518                     /lib/x86_64-linux-gnu/libudev.so.1.3.5
7effe9b1f000-7effe9d1e000 ---p 00010000 08:16 921518                     /lib/x86_64-linux-gnu/libudev.so.1.3.5
7effe9d1e000-7effe9d1f000 r--p 0000f000 08:16 921518                     /lib/x86_64-linux-gnu/libudev.so.1.3.5
7effe9d1f000-7effe9d20000 rw-p 00010000 08:16 921518                     /lib/x86_64-linux-gnu/libudev.so.1.3.5
7effe9d20000-7effe9d23000 ---p 00000000 00:00 0 
7effe9d23000-7effe9e21000 rw-p 00000000 00:00 0                          [stack:6919]
7effe9e38000-7effe9e40000 rw-s 1028ce000 00:05 10060                     /dev/dri/card0
7effe9e40000-7effe9e48000 rw-s 1027ae000 00:05 10060                     /dev/dri/card0
7effe9e48000-7effe9e4b000 ---p 00000000 00:00 0 
7effe9e4b000-7effe9f49000 rw-p 00000000 00:00 0                          [stack:6918]
7effe9f49000-7effe9f4c000 ---p 00000000 00:00 0 
7effe9f4c000-7effea04a000 rw-p 00000000 00:00 0                          [stack:6917]
7effea04a000-7effea04d000 ---p 00000000 00:00 0 
7effea04d000-7effea14b000 rw-p 00000000 00:00 0                          [stack:6916]
7effea14b000-7effea14e000 ---p 00000000 00:00 0 
7effea14e000-7effea24c000 rw-p 00000000 00:00 0                          [stack:6915]
7effea24c000-7effea257000 r-xp 00000000 08:16 5376017                    /usr/lib/x86_64-linux-gnu/libdrm.so.2.4.0
7effea257000-7effea456000 ---p 0000b000 08:16 5376017                    /usr/lib/x86_64-linux-gnu/libdrm.so.2.4.0
7effea456000-7effea457000 r--p 0000a000 08:16 5376017                    /usr/lib/x86_64-linux-gnu/libdrm.so.2.4.0
7effea457000-7effea458000 rw-p 0000b000 08:16 5376017                    /usr/lib/x86_64-linux-gnu/libdrm.so.2.4.0
7effea458000-7effea45c000 r-xp 00000000 08:16 5382234                    /usr/lib/x86_64-linux-gnu/libXxf86vm.so.1.0.0
7effea45c000-7effea65c000 ---p 00004000 08:16 5382234                    /usr/lib/x86_64-linux-gnu/libXxf86vm.so.1.0.0
7effea65c000-7effea65d000 r--p 00004000 08:16 5382234                    /usr/lib/x86_64-linux-gnu/libXxf86vm.so.1.0.0
7effea65d000-7effea65e000 rw-p 00005000 08:16 5382234                    /usr/lib/x86_64-linux-gnu/libXxf86vm.so.1.0.0
7effea65e000-7effea65f000 r-xp 00000000 08:16 5383261                    /usr/lib/x86_64-linux-gnu/libxshmfence.so.1.0.0
7effea65f000-7effea85e000 ---p 00001000 08:16 5383261                    /usr/lib/x86_64-linux-gnu/libxshmfence.so.1.0.0
7effea85e000-7effea85f000 r--p 00000000 08:16 5383261                    /usr/lib/x86_64-linux-gnu/libxshmfence.so.1.0.0
7effea85f000-7effea860000 rw-p 00001000 08:16 5383261                    /usr/lib/x86_64-linux-gnu/libxshmfence.so.1.0.0
7effea860000-7effea865000 r-xp 00000000 08:16 5383243                    /usr/lib/x86_64-linux-gnu/libxcb-sync.so.1.0.0
7effea865000-7effeaa64000 ---p 00005000 08:16 5383243                    /usr/lib/x86_64-linux-gnu/libxcb-sync.so.1.0.0
7effeaa64000-7effeaa65000 r--p 00004000 08:16 5383243                    /usr/lib/x86_64-linux-gnu/libxcb-sync.so.1.0.0
7effeaa65000-7effeaa66000 rw-p 00005000 08:16 5383243                    /usr/lib/x86_64-linux-gnu/libxcb-sync.so.1.0.0
7effeaa66000-7effeaa68000 r-xp 00000000 08:16 5383231                    /usr/lib/x86_64-linux-gnu/libxcb-present.so.0.0.0
7effeaa68000-7effeac67000 ---p 00002000 08:16 5383231                    /usr/lib/x86_64-linux-gnu/libxcb-present.so.0.0.0
7effeac67000-7effeac68000 r--p 00001000 08:16 5383231                    /usr/lib/x86_64-linux-gnu/libxcb-present.so.0.0.0
7effeac68000-7effeac69000 rw-p 00002000 08:16 5383231                    /usr/lib/x86_64-linux-gnu/libxcb-present.so.0.0.0
7effeac69000-7effeac6b000 r-xp 00000000 08:16 5383221                    /usr/lib/x86_64-linux-gnu/libxcb-dri3.so.0.0.0
7effeac6b000-7effeae6a000 ---p 00002000 08:16 5383221                    /usr/lib/x86_64-linux-gnu/libxcb-dri3.so.0.0.0
7effeae6a000-7effeae6b000 r--p 00001000 08:16 5383221                    /usr/lib/x86_64-linux-gnu/libxcb-dri3.so.0.0.0
7effeae6b000-7effeae6c000 rw-p 00002000 08:16 5383221                    /usr/lib/x86_64-linux-gnu/libxcb-dri3.so.0.0.0
7effeae6c000-7effeae6f000 r-xp 00000000 08:16 5383219                    /usr/lib/x86_64-linux-gnu/libxcb-dri2.so.0.0.0
7effeae6f000-7effeb06f000 ---p 00003000 08:16 5383219                    /usr/lib/x86_64-linux-gnu/libxcb-dri2.so.0.0.0
7effeb06f000-7effeb070000 r--p 00003000 08:16 5383219                    /usr/lib/x86_64-linux-gnu/libxcb-dri2.so.0.0.0
7effeb070000-7effeb071000 rw-p 00004000 08:16 5383219                    /usr/lib/x86_64-linux-gnu/libxcb-dri2.so.0.0.0
7effeb071000-7effeb086000 r-xp 00000000 08:16 5383223                    /usr/lib/x86_64-linux-gnu/libxcb-glx.so.0.0.0
7effeb086000-7effeb285000 ---p 00015000 08:16 5383223                    /usr/lib/x86_64-linux-gnu/libxcb-glx.so.0.0.0
7effeb285000-7effeb287000 r--p 00014000 08:16 5383223                    /usr/lib/x86_64-linux-gnu/libxcb-glx.so.0.0.0
7effeb287000-7effeb288000 rw-p 00016000 08:16 5383223                    /usr/lib/x86_64-linux-gnu/libxcb-glx.so.0.0.0
7effeb288000-7effeb289000 r-xp 00000000 08:16 5382177                    /usr/lib/x86_64-linux-gnu/libX11-xcb.so.1.0.0
7effeb289000-7effeb488000 ---p 00001000 08:16 5382177                    /usr/lib/x86_64-linux-gnu/libX11-xcb.so.1.0.0
7effeb488000-7effeb489000 r--p 00000000 08:16 5382177                    /usr/lib/x86_64-linux-gnu/libX11-xcb.so.1.0.0
7effeb489000-7effeb48a000 rw-p 00001000 08:16 5382177                    /usr/lib/x86_64-linux-gnu/libX11-xcb.so.1.0.0
7effeb48a000-7effeb48c000 r-xp 00000000 08:16 5382192                    /usr/lib/x86_64-linux-gnu/libXdamage.so.1.1.0
7effeb48c000-7effeb68b000 ---p 00002000 08:16 5382192                    /usr/lib/x86_64-linux-gnu/libXdamage.so.1.1.0
7effeb68b000-7effeb68c000 r--p 00001000 08:16 5382192                    /usr/lib/x86_64-linux-gnu/libXdamage.so.1.1.0
7effeb68c000-7effeb68d000 rw-p 00002000 08:16 5382192                    /usr/lib/x86_64-linux-gnu/libXdamage.so.1.1.0
7effeb68d000-7effeb6b1000 r-xp 00000000 08:16 5382570                    /usr/lib/x86_64-linux-gnu/libglapi.so.0.0.0
7effeb6b1000-7effeb8b1000 ---p 00024000 08:16 5382570                    /usr/lib/x86_64-linux-gnu/libglapi.so.0.0.0
7effeb8b1000-7effeb8b4000 r--p 00024000 08:16 5382570                    /usr/lib/x86_64-linux-gnu/libglapi.so.0.0.0
7effeb8b4000-7effeb8b5000 rw-p 00027000 08:16 5382570                    /usr/lib/x86_64-linux-gnu/libglapi.so.0.0.0
7effeb8b5000-7effeb8b6000 rw-p 00000000 00:00 0 
7effeb8b6000-7effeb8cd000 r-xp 00000000 08:16 917598                     /lib/x86_64-linux-gnu/libnsl-2.19.so
7effeb8cd000-7effebacc000 ---p 00017000 08:16 917598                     /lib/x86_64-linux-gnu/libnsl-2.19.so
7effebacc000-7effebacd000 r--p 00016000 08:16 917598                     /lib/x86_64-linux-gnu/libnsl-2.19.so
7effebacd000-7effebace000 rw-p 00017000 08:16 917598                     /lib/x86_64-linux-gnu/libnsl-2.19.so
7effebace000-7efff0000000 rw-p 00000000 00:00 0 
7efff0000000-7efff0021000 rw-p 00000000 00:00 0 
7efff0021000-7efff4000000 ---p 00000000 00:00 0 
7efff4000000-7efff4041000 rw-p 00000000 00:00 0 
7efff4041000-7efff8000000 ---p 00000000 00:00 0 
7efff8000000-7efff8021000 rw-p 00000000 00:00 0 
7efff8021000-7efffc000000 ---p 00000000 00:00 0 
7efffc002000-7efffc00a000 rw-s 1027a6000 00:05 10060                     /dev/dri/card0
7efffc00a000-7efffc012000 rw-s 10279e000 00:05 10060                     /dev/dri/card0
7efffc012000-7efffc01a000 rw-s 102796000 00:05 10060                     /dev/dri/card0
7efffc01a000-7efffc022000 rw-s 10278e000 00:05 10060                     /dev/dri/card0
7efffc022000-7efffc02a000 rw-s 102786000 00:05 10060                     /dev/dri/card0
7efffc02a000-7efffc032000 rw-s 10277e000 00:05 10060                     /dev/dri/card0
7efffc032000-7efffc03a000 rw-s 102776000 00:05 10060                     /dev/dri/card0
7efffc03a000-7efffc042000 rw-s 10276e000 00:05 10060                     /dev/dri/card0
7efffc042000-7efffc04a000 rw-s 102766000 00:05 10060                     /dev/dri/card0
7efffc04a000-7efffc052000 rw-s 10275e000 00:05 10060                     /dev/dri/card0
7efffc052000-7efffc05a000 rw-s 102756000 00:05 10060                     /dev/dri/card0
7efffc05a000-7efffc062000 rw-s 10274e000 00:05 10060                     /dev/dri/card0
7efffc062000-7efffc072000 rw-s 11f9b5000 00:05 10060                     /dev/dri/card0
7efffc072000-7efffc082000 rw-s 11f9a1000 00:05 10060                     /dev/dri/card0
7efffc082000-7efffc10e000 r-xp 00000000 08:16 28085                      /usr/lib/x86_64-linux-gnu/mesa/libGL.so.1.2.0
7efffc10e000-7efffc30d000 ---p 0008c000 08:16 28085                      /usr/lib/x86_64-linux-gnu/mesa/libGL.so.1.2.0
7efffc30d000-7efffc310000 r--p 0008b000 08:16 28085                      /usr/lib/x86_64-linux-gnu/mesa/libGL.so.1.2.0
7efffc310000-7efffc311000 rw-p 0008e000 08:16 28085                      /usr/lib/x86_64-linux-gnu/mesa/libGL.so.1.2.0
7efffc311000-7efffc312000 rw-p 00000000 00:00 0 
7efffc319000-7efffc329000 rw-s 11f959000 00:05 10060                     /dev/dri/card0
7efffc329000-7efffc349000 r-xp 00000000 08:16 5385445                    /usr/lib/jni/libj3dcore-ogl.so
7efffc349000-7efffc548000 ---p 00020000 08:16 5385445                    /usr/lib/jni/libj3dcore-ogl.so
7efffc548000-7efffc549000 rw-p 0001f000 08:16 5385445                    /usr/lib/jni/libj3dcore-ogl.so
7efffc549000-7efffc54a000 r-xp 00000000 08:16 272391                     /usr/lib/jvm/java-7-openjdk-amd64/jre/lib/amd64/libjawt.so
7efffc54a000-7efffc749000 ---p 00001000 08:16 272391                     /usr/lib/jvm/java-7-openjdk-amd64/jre/lib/amd64/libjawt.so
7efffc749000-7efffc74a000 r--p 00000000 08:16 272391                     /usr/lib/jvm/java-7-openjdk-amd64/jre/lib/amd64/libjawt.so
7efffc74a000-7efffc74b000 rw-p 00001000 08:16 272391                     /usr/lib/jvm/java-7-openjdk-amd64/jre/lib/amd64/libjawt.so
7efffc74b000-7efffc75b000 r-xp 00000000 08:16 272390                     /usr/lib/jvm/java-7-openjdk-amd64/jre/lib/amd64/libnio.so
7efffc75b000-7efffc95b000 ---p 00010000 08:16 272390                     /usr/lib/jvm/java-7-openjdk-amd64/jre/lib/amd64/libnio.so
7efffc95b000-7efffc95c000 r--p 00010000 08:16 272390                     /usr/lib/jvm/java-7-openjdk-amd64/jre/lib/amd64/libnio.so
7efffc95c000-7efffc95d000 rw-p 00011000 08:16 272390                     /usr/lib/jvm/java-7-openjdk-amd64/jre/lib/amd64/libnio.so
7efffc95d000-7efffc992000 r--s 00000000 08:16 1579878                    /var/cache/nscd/hosts
7efffc992000-7efffc9a9000 r-xp 00000000 08:16 272404                     /usr/lib/jvm/java-7-openjdk-amd64/jre/lib/amd64/libnet.so
7efffc9a9000-7efffcba8000 ---p 00017000 08:16 272404                     /usr/lib/jvm/java-7-openjdk-amd64/jre/lib/amd64/libnet.so
7efffcba8000-7efffcba9000 r--p 00016000 08:16 272404                     /usr/lib/jvm/java-7-openjdk-amd64/jre/lib/amd64/libnet.so
7efffcba9000-7efffcbaa000 rw-p 00017000 08:16 272404                     /usr/lib/jvm/java-7-openjdk-amd64/jre/lib/amd64/libnet.so
7efffcbaa000-7efffcbfc000 r-xp 00000000 08:16 272392                     /usr/lib/jvm/java-7-openjdk-amd64/jre/lib/amd64/libfontmanager.so
7efffcbfc000-7efffcdfb000 ---p 00052000 08:16 272392                     /usr/lib/jvm/java-7-openjdk-amd64/jre/lib/amd64/libfontmanager.so
7efffcdfb000-7efffcdfe000 r--p 00051000 08:16 272392                     /usr/lib/jvm/java-7-openjdk-amd64/jre/lib/amd64/libfontmanager.so
7efffcdfe000-7efffcdff000 rw-p 00054000 08:16 272392                     /usr/lib/jvm/java-7-openjdk-amd64/jre/lib/amd64/libfontmanager.so
7efffcdff000-7efffce02000 ---p 00000000 00:00 0 
7efffce02000-7efffcf00000 rw-p 00000000 00:00 0                          [stack:6914]
7efffcf00000-7efffcf03000 ---p 00000000 00:00 0 
7efffcf03000-7efffd001000 rw-p 00000000 00:00 0                          [stack:6913]
7efffd001000-7efffd004000 ---p 00000000 00:00 0 
7efffd004000-7efffd102000 rw-p 00000000 00:00 0                          [stack:6912]
7efffd102000-7efffd107000 r-xp 00000000 08:16 5374432                    /usr/lib/x86_64-linux-gnu/libXfixes.so.3.1.0
7efffd107000-7efffd306000 ---p 00005000 08:16 5374432                    /usr/lib/x86_64-linux-gnu/libXfixes.so.3.1.0
7efffd306000-7efffd307000 r--p 00004000 08:16 5374432                    /usr/lib/x86_64-linux-gnu/libXfixes.so.3.1.0
7efffd307000-7efffd308000 rw-p 00005000 08:16 5374432                    /usr/lib/x86_64-linux-gnu/libXfixes.so.3.1.0
7efffd308000-7efffd311000 r-xp 00000000 08:16 5382190                    /usr/lib/x86_64-linux-gnu/libXcursor.so.1.0.2
7efffd311000-7efffd510000 ---p 00009000 08:16 5382190                    /usr/lib/x86_64-linux-gnu/libXcursor.so.1.0.2
7efffd510000-7efffd511000 r--p 00008000 08:16 5382190                    /usr/lib/x86_64-linux-gnu/libXcursor.so.1.0.2
7efffd511000-7efffd512000 rw-p 00009000 08:16 5382190                    /usr/lib/x86_64-linux-gnu/libXcursor.so.1.0.2
7efffd512000-7efffd515000 ---p 00000000 00:00 0 
7efffd515000-7efffd613000 rw-p 00000000 00:00 0                          [stack:6911]
7efffd613000-7efffd617000 r-xp 00000000 08:16 921615                     /lib/x86_64-linux-gnu/libgpg-error.so.0.10.0
7efffd617000-7efffd816000 ---p 00004000 08:16 921615                     /lib/x86_64-linux-gnu/libgpg-error.so.0.10.0
7efffd816000-7efffd817000 r--p 00003000 08:16 921615                     /lib/x86_64-linux-gnu/libgpg-error.so.0.10.0
7efffd817000-7efffd818000 rw-p 00004000 08:16 921615                     /lib/x86_64-linux-gnu/libgpg-error.so.0.10.0
7efffd818000-7efffd81a000 r-xp 00000000 08:16 921625                     /lib/x86_64-linux-gnu/libkeyutils.so.1.4
7efffd81a000-7efffda1a000 ---p 00002000 08:16 921625                     /lib/x86_64-linux-gnu/libkeyutils.so.1.4
7efffda1a000-7efffda1b000 r--p 00002000 08:16 921625                     /lib/x86_64-linux-gnu/libkeyutils.so.1.4
7efffda1b000-7efffda1c000 rw-p 00003000 08:16 921625                     /lib/x86_64-linux-gnu/libkeyutils.so.1.4
7efffda1c000-7efffda59000 r-xp 00000000 08:16 921685                     /lib/x86_64-linux-gnu/libpcre.so.3.13.1
7efffda59000-7efffdc58000 ---p 0003d000 08:16 921685                     /lib/x86_64-linux-gnu/libpcre.so.3.13.1
7efffdc58000-7efffdc59000 r--p 0003c000 08:16 921685                     /lib/x86_64-linux-gnu/libpcre.so.3.13.1
7efffdc59000-7efffdc5a000 rw-p 0003d000 08:16 921685                     /lib/x86_64-linux-gnu/libpcre.so.3.13.1
7efffdc5a000-7efffdc7f000 r-xp 00000000 08:16 921697                     /lib/x86_64-linux-gnu/libpng12.so.0.50.0
7efffdc7f000-7efffde7e000 ---p 00025000 08:16 921697                     /lib/x86_64-linux-gnu/libpng12.so.0.50.0
7efffde7e000-7efffde7f000 r--p 00024000 08:16 921697                     /lib/x86_64-linux-gnu/libpng12.so.0.50.0
7efffde7f000-7efffde80000 rw-p 00025000 08:16 921697                     /lib/x86_64-linux-gnu/libpng12.so.0.50.0
7efffde80000-7efffdec4000 r-xp 00000000 08:16 921596                     /lib/x86_64-linux-gnu/libdbus-1.so.3.7.6
7efffdec4000-7efffe0c3000 ---p 00044000 08:16 921596                     /lib/x86_64-linux-gnu/libdbus-1.so.3.7.6
7efffe0c3000-7efffe0c4000 r--p 00043000 08:16 921596                     /lib/x86_64-linux-gnu/libdbus-1.so.3.7.6
7efffe0c4000-7efffe0c5000 rw-p 00044000 08:16 921596                     /lib/x86_64-linux-gnu/libdbus-1.so.3.7.6
7efffe0c5000-7efffe100000 r-xp 00000000 08:16 5382910                    /usr/lib/x86_64-linux-gnu/libp11-kit.so.0.0.0
7efffe100000-7efffe2ff000 ---p 0003b000 08:16 5382910                    /usr/lib/x86_64-linux-gnu/libp11-kit.so.0.0.0
7efffe2ff000-7efffe305000 r--p 0003a000 08:16 5382910                    /usr/lib/x86_64-linux-gnu/libp11-kit.so.0.0.0
7efffe305000-7efffe307000 rw-p 00040000 08:16 5382910                    /usr/lib/x86_64-linux-gnu/libp11-kit.so.0.0.0
7efffe307000-7efffe319000 r-xp 00000000 08:16 5373995                    /usr/lib/x86_64-linux-gnu/libtasn1.so.6.2.0
7efffe319000-7efffe519000 ---p 00012000 08:16 5373995                    /usr/lib/x86_64-linux-gnu/libtasn1.so.6.2.0
7efffe519000-7efffe51a000 r--p 00012000 08:16 5373995                    /usr/lib/x86_64-linux-gnu/libtasn1.so.6.2.0
7efffe51a000-7efffe51b000 rw-p 00013000 08:16 5373995                    /usr/lib/x86_64-linux-gnu/libtasn1.so.6.2.0
7efffe51b000-7efffe597000 r-xp 00000000 08:16 921589                     /lib/x86_64-linux-gnu/libgcrypt.so.11.8.2
7efffe597000-7efffe797000 ---p 0007c000 08:16 921589                     /lib/x86_64-linux-gnu/libgcrypt.so.11.8.2
7efffe797000-7efffe798000 r--p 0007c000 08:16 921589                     /lib/x86_64-linux-gnu/libgcrypt.so.11.8.2
7efffe798000-7efffe79b000 rw-p 0007d000 08:16 921589                     /lib/x86_64-linux-gnu/libgcrypt.so.11.8.2
7efffe79b000-7efffe7a5000 r-xp 00000000 08:16 5382793                    /usr/lib/x86_64-linux-gnu/libkrb5support.so.0.1
7efffe7a5000-7efffe9a4000 ---p 0000a000 08:16 5382793                    /usr/lib/x86_64-linux-gnu/libkrb5support.so.0.1
7efffe9a4000-7efffe9a5000 r--p 00009000 08:16 5382793                    /usr/lib/x86_64-linux-gnu/libkrb5support.so.0.1
7efffe9a5000-7efffe9a6000 rw-p 0000a000 08:16 5382793                    /usr/lib/x86_64-linux-gnu/libkrb5support.so.0.1
7efffe9a6000-7efffe9a9000 r-xp 00000000 08:16 921562                     /lib/x86_64-linux-gnu/libcom_err.so.2.1
7efffe9a9000-7efffeba8000 ---p 00003000 08:16 921562                     /lib/x86_64-linux-gnu/libcom_err.so.2.1
7efffeba8000-7efffeba9000 r--p 00002000 08:16 921562                     /lib/x86_64-linux-gnu/libcom_err.so.2.1
7efffeba9000-7efffebaa000 rw-p 00003000 08:16 921562                     /lib/x86_64-linux-gnu/libcom_err.so.2.1
7efffebaa000-7efffebd6000 r-xp 00000000 08:16 5382787                    /usr/lib/x86_64-linux-gnu/libk5crypto.so.3.1
7efffebd6000-7efffedd5000 ---p 0002c000 08:16 5382787                    /usr/lib/x86_64-linux-gnu/libk5crypto.so.3.1
7efffedd5000-7efffedd7000 r--p 0002b000 08:16 5382787                    /usr/lib/x86_64-linux-gnu/libk5crypto.so.3.1
7efffedd7000-7efffedd8000 rw-p 0002d000 08:16 5382787                    /usr/lib/x86_64-linux-gnu/libk5crypto.so.3.1
7efffedd8000-7efffedd9000 rw-p 00000000 00:00 0 
7efffedd9000-7efffee95000 r-xp 00000000 08:16 5382791                    /usr/lib/x86_64-linux-gnu/libkrb5.so.3.3
7efffee95000-7effff095000 ---p 000bc000 08:16 5382791                    /usr/lib/x86_64-linux-gnu/libkrb5.so.3.3
7effff095000-7effff0a2000 r--p 000bc000 08:16 5382791                    /usr/lib/x86_64-linux-gnu/libkrb5.so.3.3
7effff0a2000-7effff0a4000 rw-p 000c9000 08:16 5382791                    /usr/lib/x86_64-linux-gnu/libkrb5.so.3.3
7effff0a4000-7effff0a9000 r-xp 00000000 08:16 5382194                    /usr/lib/x86_64-linux-gnu/libXdmcp.so.6.0.0
7effff0a9000-7effff2a8000 ---p 00005000 08:16 5382194                    /usr/lib/x86_64-linux-gnu/libXdmcp.so.6.0.0
7effff2a8000-7effff2a9000 r--p 00004000 08:16 5382194                    /usr/lib/x86_64-linux-gnu/libXdmcp.so.6.0.0
7effff2a9000-7effff2aa000 rw-p 00005000 08:16 5382194                    /usr/lib/x86_64-linux-gnu/libXdmcp.so.6.0.0
7effff2aa000-7effff2ac000 r-xp 00000000 08:16 5382183                    /usr/lib/x86_64-linux-gnu/libXau.so.6.0.0
7effff2ac000-7effff4ac000 ---p 00002000 08:16 5382183                    /usr/lib/x86_64-linux-gnu/libXau.so.6.0.0
7effff4ac000-7effff4ad000 r--p 00002000 08:16 5382183                    /usr/lib/x86_64-linux-gnu/libXau.so.6.0.0
7effff4ad000-7effff4ae000 rw-p 00003000 08:16 5382183                    /usr/lib/x86_64-linux-gnu/libXau.so.6.0.0
7effff4ae000-7effff4b5000 r-xp 00000000 08:16 5382465                    /usr/lib/x86_64-linux-gnu/libffi.so.6.0.1
7effff4b5000-7effff6b4000 ---p 00007000 08:16 5382465                    /usr/lib/x86_64-linux-gnu/libffi.so.6.0.1
7effff6b4000-7effff6b5000 r--p 00006000 08:16 5382465                    /usr/lib/x86_64-linux-gnu/libffi.so.6.0.1
7effff6b5000-7effff6b6000 rw-p 00007000 08:16 5382465                    /usr/lib/x86_64-linux-gnu/libffi.so.6.0.1
7effff6b6000-7effff6cd000 r-xp 00000000 08:16 917509                     /lib/x86_64-linux-gnu/libresolv-2.19.so
7effff6cd000-7effff8cd000 ---p 00017000 08:16 917509                     /lib/x86_64-linux-gnu/libresolv-2.19.so
7effff8cd000-7effff8ce000 r--p 00017000 08:16 917509                     /lib/x86_64-linux-gnu/libresolv-2.19.so
7effff8ce000-7effff8cf000 rw-p 00018000 08:16 917509                     /lib/x86_64-linux-gnu/libresolv-2.19.so
7effff8cf000-7effff8d1000 rw-p 00000000 00:00 0 
7effff8d1000-7effff8f1000 r-xp 00000000 08:16 921712                     /lib/x86_64-linux-gnu/libselinux.so.1
7effff8f1000-7effffaf0000 ---p 00020000 08:16 921712                     /lib/x86_64-linux-gnu/libselinux.so.1
7effffaf0000-7effffaf1000 r--p 0001f000 08:16 921712                     /lib/x86_64-linux-gnu/libselinux.so.1
7effffaf1000-7effffaf2000 rw-p 00020000 08:16 921712                     /lib/x86_64-linux-gnu/libselinux.so.1
7effffaf2000-7effffaf4000 rw-p 00000000 00:00 0 
7effffaf4000-7effffbfa000 r-xp 00000000 08:16 921613                     /lib/x86_64-linux-gnu/libglib-2.0.so.0.4002.0
7effffbfa000-7effffdf9000 ---p 00106000 08:16 921613                     /lib/x86_64-linux-gnu/libglib-2.0.so.0.4002.0
7effffdf9000-7effffdfa000 r--p 00105000 08:16 921613                     /lib/x86_64-linux-gnu/libglib-2.0.so.0.4002.0
7effffdfa000-7effffdfb000 rw-p 00106000 08:16 921613                     /lib/x86_64-linux-gnu/libglib-2.0.so.0.4002.0
7effffdfb000-7effffdfc000 rw-p 00000000 00:00 0 
7effffdfc000-7effffdff000 r-xp 00000000 08:16 5382578                    /usr/lib/x86_64-linux-gnu/libgmodule-2.0.so.0.4002.0
7effffdff000-7effffffe000 ---p 00003000 08:16 5382578                    /usr/lib/x86_64-linux-gnu/libgmodule-2.0.so.0.4002.0
7effffffe000-7efffffff000 r--p 00002000 08:16 5382578                    /usr/lib/x86_64-linux-gnu/libgmodule-2.0.so.0.4002.0
7efffffff000-7f0000000000 rw-p 00003000 08:16 5382578                    /usr/lib/x86_64-linux-gnu/libgmodule-2.0.so.0.4002.0
7f0000000000-7f0000021000 rw-p 00000000 00:00 0 
7f0000021000-7f0004000000 ---p 00000000 00:00 0 
7f0004003000-7f000400b000 rw-s 102746000 00:05 10060                     /dev/dri/card0
7f000400b000-7f0004032000 r-xp 00000000 08:16 921604                     /lib/x86_64-linux-gnu/libexpat.so.1.6.0
7f0004032000-7f0004232000 ---p 00027000 08:16 921604                     /lib/x86_64-linux-gnu/libexpat.so.1.6.0
7f0004232000-7f0004234000 r--p 00027000 08:16 921604                     /lib/x86_64-linux-gnu/libexpat.so.1.6.0
7f0004234000-7f0004235000 rw-p 00029000 08:16 921604                     /lib/x86_64-linux-gnu/libexpat.so.1.6.0
7f0004235000-7f00042d2000 r-xp 00000000 08:16 5376146                    /usr/lib/x86_64-linux-gnu/libfreetype.so.6.11.1
7f00042d2000-7f00044d1000 ---p 0009d000 08:16 5376146                    /usr/lib/x86_64-linux-gnu/libfreetype.so.6.11.1
7f00044d1000-7f00044d7000 r--p 0009c000 08:16 5376146                    /usr/lib/x86_64-linux-gnu/libfreetype.so.6.11.1
7f00044d7000-7f00044d8000 rw-p 000a2000 08:16 5376146                    /usr/lib/x86_64-linux-gnu/libfreetype.so.6.11.1
7f00044d8000-7f00044e7000 r-xp 00000000 08:16 5382287                    /usr/lib/x86_64-linux-gnu/libavahi-client.so.3.2.9
7f00044e7000-7f00046e7000 ---p 0000f000 08:16 5382287                    /usr/lib/x86_64-linux-gnu/libavahi-client.so.3.2.9
7f00046e7000-7f00046e8000 r--p 0000f000 08:16 5382287                    /usr/lib/x86_64-linux-gnu/libavahi-client.so.3.2.9
7f00046e8000-7f00046e9000 rw-p 00010000 08:16 5382287                    /usr/lib/x86_64-linux-gnu/libavahi-client.so.3.2.9
7f00046e9000-7f00046f4000 r-xp 00000000 08:16 5382289                    /usr/lib/x86_64-linux-gnu/libavahi-common.so.3.5.3
7f00046f4000-7f00048f3000 ---p 0000b000 08:16 5382289                    /usr/lib/x86_64-linux-gnu/libavahi-common.so.3.5.3
7f00048f3000-7f00048f4000 r--p 0000a000 08:16 5382289                    /usr/lib/x86_64-linux-gnu/libavahi-common.so.3.5.3
7f00048f4000-7f00048f5000 rw-p 0000b000 08:16 5382289                    /usr/lib/x86_64-linux-gnu/libavahi-common.so.3.5.3
7f00048f5000-7f00049ab000 r-xp 00000000 08:16 5374002                    /usr/lib/x86_64-linux-gnu/libgnutls.so.26.22.6
7f00049ab000-7f0004bab000 ---p 000b6000 08:16 5374002                    /usr/lib/x86_64-linux-gnu/libgnutls.so.26.22.6
7f0004bab000-7f0004bb1000 r--p 000b6000 08:16 5374002                    /usr/lib/x86_64-linux-gnu/libgnutls.so.26.22.6
7f0004bb1000-7f0004bb2000 rw-p 000bc000 08:16 5374002                    /usr/lib/x86_64-linux-gnu/libgnutls.so.26.22.6
7f0004bb2000-7f0004bb3000 rw-p 00000000 00:00 0 
7f0004bb3000-7f0004bf6000 r-xp 00000000 08:16 5382621                    /usr/lib/x86_64-linux-gnu/libgssapi_krb5.so.2.2
7f0004bf6000-7f0004df6000 ---p 00043000 08:16 5382621                    /usr/lib/x86_64-linux-gnu/libgssapi_krb5.so.2.2
7f0004df6000-7f0004df7000 r--p 00043000 08:16 5382621                    /usr/lib/x86_64-linux-gnu/libgssapi_krb5.so.2.2
7f0004df7000-7f0004df9000 rw-p 00044000 08:16 5382621                    /usr/lib/x86_64-linux-gnu/libgssapi_krb5.so.2.2
7f0004df9000-7f0004e16000 r-xp 00000000 08:16 5383251                    /usr/lib/x86_64-linux-gnu/libxcb.so.1.1.0
7f0004e16000-7f0005016000 ---p 0001d000 08:16 5383251                    /usr/lib/x86_64-linux-gnu/libxcb.so.1.1.0
7f0005016000-7f0005017000 r--p 0001d000 08:16 5383251                    /usr/lib/x86_64-linux-gnu/libxcb.so.1.1.0
7f0005017000-7f0005018000 rw-p 0001e000 08:16 5383251                    /usr/lib/x86_64-linux-gnu/libxcb.so.1.1.0
7f0005018000-7f0005067000 r-xp 00000000 08:16 5382594                    /usr/lib/x86_64-linux-gnu/libgobject-2.0.so.0.4002.0
7f0005067000-7f0005267000 ---p 0004f000 08:16 5382594                    /usr/lib/x86_64-linux-gnu/libgobject-2.0.so.0.4002.0
7f0005267000-7f0005268000 r--p 0004f000 08:16 5382594                    /usr/lib/x86_64-linux-gnu/libgobject-2.0.so.0.4002.0
7f0005268000-7f0005269000 rw-p 00050000 08:16 5382594                    /usr/lib/x86_64-linux-gnu/libgobject-2.0.so.0.4002.0
7f0005269000-7f00053d5000 r-xp 00000000 08:16 5382566                    /usr/lib/x86_64-linux-gnu/libgio-2.0.so.0.4002.0
7f00053d5000-7f00055d4000 ---p 0016c000 08:16 5382566                    /usr/lib/x86_64-linux-gnu/libgio-2.0.so.0.4002.0
7f00055d4000-7f00055d8000 r--p 0016b000 08:16 5382566                    /usr/lib/x86_64-linux-gnu/libgio-2.0.so.0.4002.0
7f00055d8000-7f00055da000 rw-p 0016f000 08:16 5382566                    /usr/lib/x86_64-linux-gnu/libgio-2.0.so.0.4002.0
7f00055da000-7f00055dc000 rw-p 00000000 00:00 0 
7f00055dc000-7f0005616000 r-xp 00000000 08:16 5382479                    /usr/lib/x86_64-linux-gnu/libfontconfig.so.1.8.0
7f0005616000-7f0005815000 ---p 0003a000 08:16 5382479                    /usr/lib/x86_64-linux-gnu/libfontconfig.so.1.8.0
7f0005815000-7f0005817000 r--p 00039000 08:16 5382479                    /usr/lib/x86_64-linux-gnu/libfontconfig.so.1.8.0
7f0005817000-7f0005818000 rw-p 0003b000 08:16 5382479                    /usr/lib/x86_64-linux-gnu/libfontconfig.so.1.8.0
7f0005818000-7f0005884000 r-xp 00000000 08:16 5374074                    /usr/lib/x86_64-linux-gnu/libcups.so.2
7f0005884000-7f0005a84000 ---p 0006c000 08:16 5374074                    /usr/lib/x86_64-linux-gnu/libcups.so.2
7f0005a84000-7f0005a8b000 r--p 0006c000 08:16 5374074                    /usr/lib/x86_64-linux-gnu/libcups.so.2
7f0005a8b000-7f0005a8c000 rw-p 00073000 08:16 5374074                    /usr/lib/x86_64-linux-gnu/libcups.so.2
7f0005a8c000-7f0005a9b000 r-xp 00000000 08:16 5376151                    /usr/lib/x86_64-linux-gnu/libXi.so.6.1.0
7f0005a9b000-7f0005c9a000 ---p 0000f000 08:16 5376151                    /usr/lib/x86_64-linux-gnu/libXi.so.6.1.0
7f0005c9a000-7f0005c9b000 r--p 0000e000 08:16 5376151                    /usr/lib/x86_64-linux-gnu/libXi.so.6.1.0
7f0005c9b000-7f0005c9c000 rw-p 0000f000 08:16 5376151                    /usr/lib/x86_64-linux-gnu/libXi.so.6.1.0
7f0005c9c000-7f0005ca1000 r-xp 00000000 08:16 5382224                    /usr/lib/x86_64-linux-gnu/libXtst.so.6.1.0
7f0005ca1000-7f0005ea0000 ---p 00005000 08:16 5382224                    /usr/lib/x86_64-linux-gnu/libXtst.so.6.1.0
7f0005ea0000-7f0005ea1000 r--p 00004000 08:16 5382224                    /usr/lib/x86_64-linux-gnu/libXtst.so.6.1.0
7f0005ea1000-7f0005ea2000 rw-p 00005000 08:16 5382224                    /usr/lib/x86_64-linux-gnu/libXtst.so.6.1.0
7f0005ea2000-7f0005eab000 r-xp 00000000 08:16 5376155                    /usr/lib/x86_64-linux-gnu/libXrender.so.1.3.0
7f0005eab000-7f00060aa000 ---p 00009000 08:16 5376155                    /usr/lib/x86_64-linux-gnu/libXrender.so.1.3.0
7f00060aa000-7f00060ab000 r--p 00008000 08:16 5376155                    /usr/lib/x86_64-linux-gnu/libXrender.so.1.3.0
7f00060ab000-7f00060ac000 rw-p 00009000 08:16 5376155                    /usr/lib/x86_64-linux-gnu/libXrender.so.1.3.0
7f00060ac000-7f00061dc000 r-xp 00000000 08:16 5382179                    /usr/lib/x86_64-linux-gnu/libX11.so.6.3.0
7f00061dc000-7f00063dc000 ---p 00130000 08:16 5382179                    /usr/lib/x86_64-linux-gnu/libX11.so.6.3.0
7f00063dc000-7f00063dd000 r--p 00130000 08:16 5382179                    /usr/lib/x86_64-linux-gnu/libX11.so.6.3.0
7f00063dd000-7f00063e1000 rw-p 00131000 08:16 5382179                    /usr/lib/x86_64-linux-gnu/libX11.so.6.3.0
7f00063e1000-7f00063f2000 r-xp 00000000 08:16 5375160                    /usr/lib/x86_64-linux-gnu/libXext.so.6.4.0
7f00063f2000-7f00065f1000 ---p 00011000 08:16 5375160                    /usr/lib/x86_64-linux-gnu/libXext.so.6.4.0
7f00065f1000-7f00065f2000 r--p 00010000 08:16 5375160                    /usr/lib/x86_64-linux-gnu/libXext.so.6.4.0
7f00065f2000-7f00065f3000 rw-p 00011000 08:16 5375160                    /usr/lib/x86_64-linux-gnu/libXext.so.6.4.0
7f00065f3000-7f000663b000 r-xp 00000000 08:16 397832                     /usr/lib/jvm/java-7-openjdk-amd64/jre/lib/amd64/xawt/libmawt.so
7f000663b000-7f000683a000 ---p 00048000 08:16 397832                     /usr/lib/jvm/java-7-openjdk-amd64/jre/lib/amd64/xawt/libmawt.so
7f000683a000-7f000683b000 r--p 00047000 08:16 397832                     /usr/lib/jvm/java-7-openjdk-amd64/jre/lib/amd64/xawt/libmawt.so
7f000683b000-7f000683e000 rw-p 00048000 08:16 397832                     /usr/lib/jvm/java-7-openjdk-amd64/jre/lib/amd64/xawt/libmawt.so
7f000683e000-7f000683f000 rw-p 00000000 00:00 0 
7f000683f000-7f00068df000 r-xp 00000000 08:16 272374                     /usr/lib/jvm/java-7-openjdk-amd64/jre/lib/amd64/libawt.so
7f00068df000-7f0006adf000 ---p 000a0000 08:16 272374                     /usr/lib/jvm/java-7-openjdk-amd64/jre/lib/amd64/libawt.so
7f0006adf000-7f0006ae0000 r--p 000a0000 08:16 272374                     /usr/lib/jvm/java-7-openjdk-amd64/jre/lib/amd64/libawt.so
7f0006ae0000-7f0006aeb000 rw-p 000a1000 08:16 272374                     /usr/lib/jvm/java-7-openjdk-amd64/jre/lib/amd64/libawt.so
7f0006aeb000-7f0006b10000 rw-p 00000000 00:00 0 
7f0006b10000-7f0006b11000 ---p 00000000 00:00 0 
7f0006b11000-7f0006c11000 rw-p 00000000 00:00 0                          [stack:6910]
7f0006c11000-7f0006c14000 ---p 00000000 00:00 0 
7f0006c14000-7f0006d12000 rw-p 00000000 00:00 0                          [stack:6909]
7f0006d12000-7f0006d15000 ---p 00000000 00:00 0 
7f0006d15000-7f0006e13000 rw-p 00000000 00:00 0                          [stack:6908]
7f0006e13000-7f0006e16000 ---p 00000000 00:00 0 
7f0006e16000-7f0006f14000 rw-p 00000000 00:00 0                          [stack:6907]
7f0006f14000-7f0006f17000 ---p 00000000 00:00 0 
7f0006f17000-7f0007015000 rw-p 00000000 00:00 0                          [stack:6906]
7f0007015000-7f00076f7000 r--p 00000000 08:16 5381132                    /usr/lib/locale/locale-archive
7f00076f7000-7f00076fa000 ---p 00000000 00:00 0 
7f00076fa000-7f00077f8000 rw-p 00000000 00:00 0                          [stack:6905]
7f00077f8000-7f00077fb000 ---p 00000000 00:00 0 
7f00077fb000-7f00078f9000 rw-p 00000000 00:00 0                          [stack:6904]
7f00078f9000-7f00078fa000 ---p 00000000 00:00 0 
7f00078fa000-7f0008000000 rw-p 00000000 00:00 0                          [stack:6903]
7f0008000000-7f0008021000 rw-p 00000000 00:00 0 
7f0008021000-7f000c000000 ---p 00000000 00:00 0 
7f000c000000-7f000c001000 rw-s 12427f000 00:05 10060                     /dev/dri/card0
7f000c001000-7f000c002000 rw-s 1027b7000 00:05 10060                     /dev/dri/card0
7f000c002000-7f000c003000 rw-s 1027b6000 00:05 10060                     /dev/dri/card0
7f000c003000-7f000c004000 rw-s 11fe0f000 00:05 10060                     /dev/dri/card0
7f000c004000-7f000c005000 rw-s 11fe0d000 00:05 10060                     /dev/dri/card0
7f000c005000-7f000c013000 r--s 0018b000 08:16 34919                      /usr/share/java/j3dutils-1.5.2+dfsg.jar
7f000c013000-7f000c044000 rw-p 00000000 00:00 0 
7f000c044000-7f000c04e000 r--s 000ae000 08:16 272370                     /usr/lib/jvm/java-7-openjdk-amd64/jre/lib/resources.jar
7f000c04e000-7f000c9fc000 rw-p 00000000 00:00 0 
7f000c9fc000-7f000cbad000 r--s 01d27000 08:16 272411                     /usr/lib/jvm/java-7-openjdk-amd64/jre/lib/rt.jar
7f000cbad000-7f000d000000 rw-p 00000000 00:00 0 
7f000d000000-7f000d270000 rwxp 00000000 00:00 0 
7f000d270000-7f00104b7000 rw-p 00000000 00:00 0 
7f00104b7000-7f0014000000 ---p 00000000 00:00 0 
7f0014000000-7f0014001000 rw-s 11fe0c000 00:05 10060                     /dev/dri/card0
7f0014001000-7f001400c000 r--s 0029e000 08:16 34920                      /usr/share/java/j3dcore-1.5.2+dfsg.jar
7f001400c000-7f0014010000 r--s 00034000 08:16 272419                     /usr/lib/jvm/java-7-openjdk-amd64/jre/lib/ext/sunjce_provider.jar
7f0014010000-7f001412a000 rw-p 00000000 00:00 0 
7f001412a000-7f001412b000 ---p 00000000 00:00 0 
7f001412b000-7f001422b000 rw-p 00000000 00:00 0                          [stack:6902]
7f001422b000-7f001422c000 ---p 00000000 00:00 0 
7f001422c000-7f001432c000 rw-p 00000000 00:00 0                          [stack:6901]
7f001432c000-7f001432d000 ---p 00000000 00:00 0 
7f001432d000-7f001442d000 rw-p 00000000 00:00 0                          [stack:6900]
7f001442d000-7f001442e000 ---p 00000000 00:00 0 
7f001442e000-7f0014558000 rw-p 00000000 00:00 0                          [stack:6899]
7f0014558000-7f00147d9000 rw-p 00000000 00:00 0 
7f00147d9000-7f00147e4000 rw-p 00000000 00:00 0 
7f00147e4000-7f001482c000 rw-p 00000000 00:00 0 
7f001482c000-7f0014856000 rw-p 00000000 00:00 0 
7f0014856000-7f0014ad6000 rw-p 00000000 00:00 0 
7f0014ad6000-7f0014afb000 rw-p 00000000 00:00 0 
7f0014afb000-7f0014c2c000 rw-p 00000000 00:00 0 
7f0014c2c000-7f0014c37000 rw-p 00000000 00:00 0 
7f0014c37000-7f0014ced000 rw-p 00000000 00:00 0 
7f0014ced000-7f0014cf5000 r-xp 00000000 08:16 272386                     /usr/lib/jvm/java-7-openjdk-amd64/jre/lib/amd64/libzip.so
7f0014cf5000-7f0014ef4000 ---p 00008000 08:16 272386                     /usr/lib/jvm/java-7-openjdk-amd64/jre/lib/amd64/libzip.so
7f0014ef4000-7f0014ef5000 r--p 00007000 08:16 272386                     /usr/lib/jvm/java-7-openjdk-amd64/jre/lib/amd64/libzip.so
7f0014ef5000-7f0014ef6000 rw-p 00008000 08:16 272386                     /usr/lib/jvm/java-7-openjdk-amd64/jre/lib/amd64/libzip.so
7f0014ef6000-7f0014f21000 r-xp 00000000 08:16 272403                     /usr/lib/jvm/java-7-openjdk-amd64/jre/lib/amd64/libjava.so
7f0014f21000-7f0015121000 ---p 0002b000 08:16 272403                     /usr/lib/jvm/java-7-openjdk-amd64/jre/lib/amd64/libjava.so
7f0015121000-7f0015122000 r--p 0002b000 08:16 272403                     /usr/lib/jvm/java-7-openjdk-amd64/jre/lib/amd64/libjava.so
7f0015122000-7f0015124000 rw-p 0002c000 08:16 272403                     /usr/lib/jvm/java-7-openjdk-amd64/jre/lib/amd64/libjava.so
7f0015124000-7f0015134000 r-xp 00000000 08:16 272400                     /usr/lib/jvm/java-7-openjdk-amd64/jre/lib/amd64/libverify.so
7f0015134000-7f0015333000 ---p 00010000 08:16 272400                     /usr/lib/jvm/java-7-openjdk-amd64/jre/lib/amd64/libverify.so
7f0015333000-7f0015335000 r--p 0000f000 08:16 272400                     /usr/lib/jvm/java-7-openjdk-amd64/jre/lib/amd64/libverify.so
7f0015335000-7f0015336000 rw-p 00011000 08:16 272400                     /usr/lib/jvm/java-7-openjdk-amd64/jre/lib/amd64/libverify.so
7f0015336000-7f001533d000 r-xp 00000000 08:16 917606                     /lib/x86_64-linux-gnu/librt-2.19.so
7f001533d000-7f001553c000 ---p 00007000 08:16 917606                     /lib/x86_64-linux-gnu/librt-2.19.so
7f001553c000-7f001553d000 r--p 00006000 08:16 917606                     /lib/x86_64-linux-gnu/librt-2.19.so
7f001553d000-7f001553e000 rw-p 00007000 08:16 917606                     /lib/x86_64-linux-gnu/librt-2.19.so
7f001553e000-7f0015554000 r-xp 00000000 08:16 921609                     /lib/x86_64-linux-gnu/libgcc_s.so.1
7f0015554000-7f0015753000 ---p 00016000 08:16 921609                     /lib/x86_64-linux-gnu/libgcc_s.so.1
7f0015753000-7f0015754000 rw-p 00015000 08:16 921609                     /lib/x86_64-linux-gnu/libgcc_s.so.1
7f0015754000-7f0015859000 r-xp 00000000 08:16 917519                     /lib/x86_64-linux-gnu/libm-2.19.so
7f0015859000-7f0015a58000 ---p 00105000 08:16 917519                     /lib/x86_64-linux-gnu/libm-2.19.so
7f0015a58000-7f0015a59000 r--p 00104000 08:16 917519                     /lib/x86_64-linux-gnu/libm-2.19.so
7f0015a59000-7f0015a5a000 rw-p 00105000 08:16 917519                     /lib/x86_64-linux-gnu/libm-2.19.so
7f0015a5a000-7f0015b40000 r-xp 00000000 08:16 5378218                    /usr/lib/x86_64-linux-gnu/libstdc++.so.6.0.19
7f0015b40000-7f0015d3f000 ---p 000e6000 08:16 5378218                    /usr/lib/x86_64-linux-gnu/libstdc++.so.6.0.19
7f0015d3f000-7f0015d47000 r--p 000e5000 08:16 5378218                    /usr/lib/x86_64-linux-gnu/libstdc++.so.6.0.19
7f0015d47000-7f0015d49000 rw-p 000ed000 08:16 5378218                    /usr/lib/x86_64-linux-gnu/libstdc++.so.6.0.19
7f0015d49000-7f0015d5e000 rw-p 00000000 00:00 0 
7f0015d5e000-7f0016876000 r-xp 00000000 08:16 272409                     /usr/lib/jvm/java-7-openjdk-amd64/jre/lib/amd64/server/libjvm.so
7f0016876000-7f0016a76000 ---p 00b18000 08:16 272409                     /usr/lib/jvm/java-7-openjdk-amd64/jre/lib/amd64/server/libjvm.so
7f0016a76000-7f0016b10000 r--p 00b18000 08:16 272409                     /usr/lib/jvm/java-7-openjdk-amd64/jre/lib/amd64/server/libjvm.so
7f0016b10000-7f0016b33000 rw-p 00bb2000 08:16 272409                     /usr/lib/jvm/java-7-openjdk-amd64/jre/lib/amd64/server/libjvm.so
7f0016b33000-7f0016b61000 rw-p 00000000 00:00 0 
7f0016b61000-7f0016b79000 r-xp 00000000 08:16 921745                     /lib/x86_64-linux-gnu/libz.so.1.2.8
7f0016b79000-7f0016d78000 ---p 00018000 08:16 921745                     /lib/x86_64-linux-gnu/libz.so.1.2.8
7f0016d78000-7f0016d79000 r--p 00017000 08:16 921745                     /lib/x86_64-linux-gnu/libz.so.1.2.8
7f0016d79000-7f0016d7a000 rw-p 00018000 08:16 921745                     /lib/x86_64-linux-gnu/libz.so.1.2.8
7f0016d7a000-7f0016d93000 r-xp 00000000 08:16 917604                     /lib/x86_64-linux-gnu/libpthread-2.19.so
7f0016d93000-7f0016f92000 ---p 00019000 08:16 917604                     /lib/x86_64-linux-gnu/libpthread-2.19.so
7f0016f92000-7f0016f93000 r--p 00018000 08:16 917604                     /lib/x86_64-linux-gnu/libpthread-2.19.so
7f0016f93000-7f0016f94000 rw-p 00019000 08:16 917604                     /lib/x86_64-linux-gnu/libpthread-2.19.so
7f0016f94000-7f0016f98000 rw-p 00000000 00:00 0 
7f0016f98000-7f0016f9b000 r-xp 00000000 08:16 917534                     /lib/x86_64-linux-gnu/libdl-2.19.so
7f0016f9b000-7f001719a000 ---p 00003000 08:16 917534                     /lib/x86_64-linux-gnu/libdl-2.19.so
7f001719a000-7f001719b000 r--p 00002000 08:16 917534                     /lib/x86_64-linux-gnu/libdl-2.19.so
7f001719b000-7f001719c000 rw-p 00003000 08:16 917534                     /lib/x86_64-linux-gnu/libdl-2.19.so
7f001719c000-7f0017357000 r-xp 00000000 08:16 917603                     /lib/x86_64-linux-gnu/libc-2.19.so
7f0017357000-7f0017556000 ---p 001bb000 08:16 917603                     /lib/x86_64-linux-gnu/libc-2.19.so
7f0017556000-7f001755a000 r--p 001ba000 08:16 917603                     /lib/x86_64-linux-gnu/libc-2.19.so
7f001755a000-7f001755c000 rw-p 001be000 08:16 917603                     /lib/x86_64-linux-gnu/libc-2.19.so
7f001755c000-7f0017561000 rw-p 00000000 00:00 0 
7f0017561000-7f001756e000 r-xp 00000000 08:16 272378                     /usr/lib/jvm/java-7-openjdk-amd64/jre/lib/amd64/jli/libjli.so
7f001756e000-7f001776d000 ---p 0000d000 08:16 272378                     /usr/lib/jvm/java-7-openjdk-amd64/jre/lib/amd64/jli/libjli.so
7f001776d000-7f001776e000 r--p 0000c000 08:16 272378                     /usr/lib/jvm/java-7-openjdk-amd64/jre/lib/amd64/jli/libjli.so
7f001776e000-7f001776f000 rw-p 0000d000 08:16 272378                     /usr/lib/jvm/java-7-openjdk-amd64/jre/lib/amd64/jli/libjli.so
7f001776f000-7f0017792000 r-xp 00000000 08:16 917600                     /lib/x86_64-linux-gnu/ld-2.19.so
7f0017792000-7f0017794000 r--s 0004b000 08:16 34917                      /usr/share/java/vecmath-1.5.2.jar
7f0017794000-7f0017796000 r--s 00012000 08:16 272420                     /usr/lib/jvm/java-7-openjdk-amd64/jre/lib/ext/zipfs.jar
7f0017796000-7f00177f5000 rw-p 00000000 00:00 0 
7f00177f5000-7f001783d000 rw-p 00000000 00:00 0 
7f001783d000-7f0017872000 r--s 00000000 08:16 1579860                    /var/cache/nscd/passwd
7f0017872000-7f0017875000 ---p 00000000 00:00 0 
7f0017875000-7f0017978000 rw-p 00000000 00:00 0                          [stack:6893]
7f0017978000-7f001797b000 r--s 0000f000 08:16 272415                     /usr/lib/jvm/java-7-openjdk-amd64/jre/lib/ext/icedtea-sound.jar
7f001797b000-7f001797d000 r--s 00006000 08:16 97184                      /usr/share/java/java-atk-wrapper.jar
7f001797d000-7f001797e000 r--s 00002000 08:16 272416                     /usr/lib/jvm/java-7-openjdk-amd64/jre/lib/ext/dnsns.jar
7f001797e000-7f0017982000 r--s 0003c000 08:16 272417                     /usr/lib/jvm/java-7-openjdk-amd64/jre/lib/ext/sunpkcs11.jar
7f0017982000-7f0017985000 r--s 00086000 08:16 272418                     /usr/lib/jvm/java-7-openjdk-amd64/jre/lib/ext/localedata.jar
7f0017985000-7f001798d000 rw-s 00000000 08:16 1314095                    /tmp/hsperfdata_schmitz-justensj16/6891
7f001798d000-7f001798e000 rw-p 00000000 00:00 0 
7f001798e000-7f001798f000 r--p 00000000 00:00 0 
7f001798f000-7f0017991000 rw-p 00000000 00:00 0 
7f0017991000-7f0017992000 r--p 00022000 08:16 917600                     /lib/x86_64-linux-gnu/ld-2.19.so
7f0017992000-7f0017993000 rw-p 00023000 08:16 917600                     /lib/x86_64-linux-gnu/ld-2.19.so
7f0017993000-7f0017994000 rw-p 00000000 00:00 0 
7ffc0fbba000-7ffc0fbdb000 rw-p 00000000 00:00 0                          [stack]
7ffc0fbe5000-7ffc0fbe7000 r-xp 00000000 00:00 0                          [vdso]
7ffc0fbe7000-7ffc0fbe9000 r--p 00000000 00:00 0                          [vvar]
ffffffffff600000-ffffffffff601000 r-xp 00000000 00:00 0                  [vsyscall]

VM Arguments:
jvm_args: -Xmx2g -Dfile.encoding=UTF-8 
java_command: Runner
Launcher Type: SUN_STANDARD

Environment Variables:
PATH=/usr/local/sbin:/usr/local/bin:/usr/sbin:/usr/bin:/sbin:/bin:/usr/games:/usr/local/games
SHELL=/bin/bash
DISPLAY=:0

Signal Handlers:
SIGSEGV: [libjvm.so+0x94b9a0], sa_mask[0]=0x7ffbfeff, sa_flags=0x10000004
SIGBUS: [libjvm.so+0x94b9a0], sa_mask[0]=0x7ffbfeff, sa_flags=0x10000004
SIGFPE: [libjvm.so+0x7c3880], sa_mask[0]=0x7ffbfeff, sa_flags=0x10000004
SIGPIPE: [libjvm.so+0x7c3880], sa_mask[0]=0x7ffbfeff, sa_flags=0x10000004
SIGXFSZ: [libjvm.so+0x7c3880], sa_mask[0]=0x7ffbfeff, sa_flags=0x10000004
SIGILL: [libjvm.so+0x7c3880], sa_mask[0]=0x7ffbfeff, sa_flags=0x10000004
SIGUSR1: SIG_DFL, sa_mask[0]=0x00000000, sa_flags=0x00000000
SIGUSR2: [libjvm.so+0x7c3720], sa_mask[0]=0x00000004, sa_flags=0x10000004
SIGHUP: [libjvm.so+0x7c3900], sa_mask[0]=0x7ffbfeff, sa_flags=0x10000004
SIGINT: [libjvm.so+0x7c3900], sa_mask[0]=0x7ffbfeff, sa_flags=0x10000004
SIGTERM: [libjvm.so+0x7c3900], sa_mask[0]=0x7ffbfeff, sa_flags=0x10000004
SIGQUIT: [libjvm.so+0x7c3900], sa_mask[0]=0x7ffbfeff, sa_flags=0x10000004
SIGTRAP: SIG_DFL, sa_mask[0]=0x00000000, sa_flags=0x00000000


---------------  S Y S T E M  ---------------

OS:Ubuntu 14.04 (trusty)
uname:Linux 3.16.0-41-generic #57~14.04.1-Ubuntu SMP Thu Jun 18 18:01:13 UTC 2015 x86_64
libc:glibc 2.19 NPTL 2.19 
rlimit: STACK 8192k, CORE 0k, NPROC 31668, NOFILE 4096, AS infinity
load average:0.00 0.02 0.36

/proc/meminfo:
MemTotal:        8128588 kB
MemFree:         5984968 kB
MemAvailable:    7002292 kB
Buffers:          168848 kB
Cached:           988192 kB
SwapCached:            0 kB
Active:          1520252 kB
Inactive:         393084 kB
Active(anon):     757260 kB
Inactive(anon):    12968 kB
Active(file):     762992 kB
Inactive(file):   380116 kB
Unevictable:          32 kB
Mlocked:              32 kB
SwapTotal:       8337404 kB
SwapFree:        8337404 kB
Dirty:               152 kB
Writeback:             0 kB
AnonPages:        753832 kB
Mapped:           144296 kB
Shmem:             13940 kB
Slab:             114648 kB
SReclaimable:      86320 kB
SUnreclaim:        28328 kB
KernelStack:        7168 kB
PageTables:        20476 kB
NFS_Unstable:          0 kB
Bounce:                0 kB
WritebackTmp:          0 kB
CommitLimit:    12401696 kB
Committed_AS:    2794832 kB
VmallocTotal:   34359738367 kB
VmallocUsed:      105248 kB
VmallocChunk:   34359549344 kB
HardwareCorrupted:     0 kB
AnonHugePages:    620544 kB
HugePages_Total:       0
HugePages_Free:        0
HugePages_Rsvd:        0
HugePages_Surp:        0
Hugepagesize:       2048 kB
DirectMap4k:       79004 kB
DirectMap2M:     1970176 kB
DirectMap1G:     6291456 kB


CPU:total 4 (4 cores per cpu, 1 threads per core) family 6 model 60 stepping 3, cmov, cx8, fxsr, mmx, sse, sse2, sse3, ssse3, sse4.1, sse4.2, popcnt, avx, avx2, aes, erms, tsc, tscinvbit

/proc/cpuinfo:
processor	: 0
vendor_id	: GenuineIntel
cpu family	: 6
model		: 60
model name	: Intel(R) Core(TM) i5-4570 CPU @ 3.20GHz
stepping	: 3
microcode	: 0x17
cpu MHz		: 2533.250
cache size	: 6144 KB
physical id	: 0
siblings	: 4
core id		: 0
cpu cores	: 4
apicid		: 0
initial apicid	: 0
fpu		: yes
fpu_exception	: yes
cpuid level	: 13
wp		: yes
flags		: fpu vme de pse tsc msr pae mce cx8 apic sep mtrr pge mca cmov pat pse36 clflush dts acpi mmx fxsr sse sse2 ss ht tm pbe syscall nx pdpe1gb rdtscp lm constant_tsc arch_perfmon pebs bts rep_good nopl xtopology nonstop_tsc aperfmperf eagerfpu pni pclmulqdq dtes64 monitor ds_cpl vmx smx est tm2 ssse3 fma cx16 xtpr pdcm pcid sse4_1 sse4_2 x2apic movbe popcnt tsc_deadline_timer aes xsave avx f16c rdrand lahf_lm abm ida arat epb xsaveopt pln pts dtherm tpr_shadow vnmi flexpriority ept vpid fsgsbase tsc_adjust bmi1 hle avx2 smep bmi2 erms invpcid rtm
bogomips	: 6385.72
clflush size	: 64
cache_alignment	: 64
address sizes	: 39 bits physical, 48 bits virtual
power management:

processor	: 1
vendor_id	: GenuineIntel
cpu family	: 6
model		: 60
model name	: Intel(R) Core(TM) i5-4570 CPU @ 3.20GHz
stepping	: 3
microcode	: 0x17
cpu MHz		: 2566.625
cache size	: 6144 KB
physical id	: 0
siblings	: 4
core id		: 1
cpu cores	: 4
apicid		: 2
initial apicid	: 2
fpu		: yes
fpu_exception	: yes
cpuid level	: 13
wp		: yes
flags		: fpu vme de pse tsc msr pae mce cx8 apic sep mtrr pge mca cmov pat pse36 clflush dts acpi mmx fxsr sse sse2 ss ht tm pbe syscall nx pdpe1gb rdtscp lm constant_tsc arch_perfmon pebs bts rep_good nopl xtopology nonstop_tsc aperfmperf eagerfpu pni pclmulqdq dtes64 monitor ds_cpl vmx smx est tm2 ssse3 fma cx16 xtpr pdcm pcid sse4_1 sse4_2 x2apic movbe popcnt tsc_deadline_timer aes xsave avx f16c rdrand lahf_lm abm ida arat epb xsaveopt pln pts dtherm tpr_shadow vnmi flexpriority ept vpid fsgsbase tsc_adjust bmi1 hle avx2 smep bmi2 erms invpcid rtm
bogomips	: 6385.72
clflush size	: 64
cache_alignment	: 64
address sizes	: 39 bits physical, 48 bits virtual
power management:

processor	: 2
vendor_id	: GenuineIntel
cpu family	: 6
model		: 60
model name	: Intel(R) Core(TM) i5-4570 CPU @ 3.20GHz
stepping	: 3
microcode	: 0x17
cpu MHz		: 2533.250
cache size	: 6144 KB
physical id	: 0
siblings	: 4
core id		: 2
cpu cores	: 4
apicid		: 4
initial apicid	: 4
fpu		: yes
fpu_exception	: yes
cpuid level	: 13
wp		: yes
flags		: fpu vme de pse tsc msr pae mce cx8 apic sep mtrr pge mca cmov pat pse36 clflush dts acpi mmx fxsr sse sse2 ss ht tm pbe syscall nx pdpe1gb rdtscp lm constant_tsc arch_perfmon pebs bts rep_good nopl xtopology nonstop_tsc aperfmperf eagerfpu pni pclmulqdq dtes64 monitor ds_cpl vmx smx est tm2 ssse3 fma cx16 xtpr pdcm pcid sse4_1 sse4_2 x2apic movbe popcnt tsc_deadline_timer aes xsave avx f16c rdrand lahf_lm abm ida arat epb xsaveopt pln pts dtherm tpr_shadow vnmi flexpriority ept vpid fsgsbase tsc_adjust bmi1 hle avx2 smep bmi2 erms invpcid rtm
bogomips	: 6385.72
clflush size	: 64
cache_alignment	: 64
address sizes	: 39 bits physical, 48 bits virtual
power management:

processor	: 3
vendor_id	: GenuineIntel
cpu family	: 6
model		: 60
model name	: Intel(R) Core(TM) i5-4570 CPU @ 3.20GHz
stepping	: 3
microcode	: 0x17
cpu MHz		: 2499.875
cache size	: 6144 KB
physical id	: 0
siblings	: 4
core id		: 3
cpu cores	: 4
apicid		: 6
initial apicid	: 6
fpu		: yes
fpu_exception	: yes
cpuid level	: 13
wp		: yes
flags		: fpu vme de pse tsc msr pae mce cx8 apic sep mtrr pge mca cmov pat pse36 clflush dts acpi mmx fxsr sse sse2 ss ht tm pbe syscall nx pdpe1gb rdtscp lm constant_tsc arch_perfmon pebs bts rep_good nopl xtopology nonstop_tsc aperfmperf eagerfpu pni pclmulqdq dtes64 monitor ds_cpl vmx smx est tm2 ssse3 fma cx16 xtpr pdcm pcid sse4_1 sse4_2 x2apic movbe popcnt tsc_deadline_timer aes xsave avx f16c rdrand lahf_lm abm ida arat epb xsaveopt pln pts dtherm tpr_shadow vnmi flexpriority ept vpid fsgsbase tsc_adjust bmi1 hle avx2 smep bmi2 erms invpcid rtm
bogomips	: 6385.72
clflush size	: 64
cache_alignment	: 64
address sizes	: 39 bits physical, 48 bits virtual
power management:



Memory: 4k page, physical 8128588k(5991696k free), swap 8337404k(8337404k free)

vm_info: OpenJDK 64-Bit Server VM (24.79-b02) for linux-amd64 JRE (1.7.0_79-b14), built on Apr 16 2015 08:21:58 by "buildd" with gcc 4.8.2

time: Tue Feb  2 12:20:41 2016
elapsed time: 885 seconds

